{"meta": {"format": 3, "version": "7.8.0", "timestamp": "2025-05-07T09:11:49.258537", "branch_coverage": false, "show_contexts": false}, "files": {"app/api/middleware/auth.py": {"executed_lines": [3, 16, 17, 18, 19, 20, 21, 22, 23, 24, 25, 26, 27, 29, 30, 31, 32, 33, 35, 36, 38, 41, 42, 45, 46, 47, 48, 49, 50, 51, 52, 55, 81, 120, 162, 203, 247, 282, 363, 414, 431, 464, 487, 512, 535, 558, 616, 637, 662, 663, 670, 679, 747], "summary": {"covered_lines": 48, "num_statements": 225, "percent_covered": 21.333333333333332, "percent_covered_display": "21", "missing_lines": 177, "excluded_lines": 47}, "missing_lines": [95, 96, 99, 100, 103, 105, 106, 107, 108, 109, 112, 113, 114, 116, 118, 136, 138, 147, 148, 153, 155, 156, 157, 176, 177, 180, 181, 183, 184, 185, 188, 189, 190, 193, 194, 195, 197, 199, 200, 217, 218, 221, 222, 225, 237, 240, 259, 260, 263, 264, 265, 268, 277, 278, 280, 307, 308, 310, 313, 321, 323, 324, 326, 329, 330, 331, 332, 334, 335, 342, 345, 346, 347, 348, 358, 359, 361, 383, 386, 387, 388, 389, 392, 393, 396, 397, 398, 399, 409, 410, 412, 425, 426, 429, 446, 447, 450, 451, 452, 455, 456, 457, 458, 459, 460, 462, 479, 480, 485, 504, 505, 510, 522, 525, 526, 531, 533, 545, 548, 549, 554, 556, 581, 582, 584, 585, 588, 589, 592, 594, 604, 605, 607, 609, 610, 613, 614, 677, 691, 692, 695, 698, 699, 700, 701, 702, 705, 706, 709, 712, 714, 715, 716, 717, 719, 720, 721, 722, 723, 727, 728, 735, 738, 739, 745, 759, 760, 763, 764, 765, 768, 770, 771, 772, 773, 774, 776], "excluded_lines": [306, 311, 616, 617, 618, 619, 620, 621, 622, 623, 624, 625, 626, 627, 628, 629, 630, 631, 632, 633, 634, 635, 637, 638, 639, 640, 641, 642, 643, 644, 645, 646, 647, 648, 649, 650, 651, 652, 653, 654, 655, 656, 657, 658, 659, 660, 724], "functions": {"get_api_key": {"executed_lines": [], "summary": {"covered_lines": 0, "num_statements": 15, "percent_covered": 0.0, "percent_covered_display": "0", "missing_lines": 15, "excluded_lines": 0}, "missing_lines": [95, 96, 99, 100, 103, 105, 106, 107, 108, 109, 112, 113, 114, 116, 118], "excluded_lines": []}, "validate_jwt_token": {"executed_lines": [], "summary": {"covered_lines": 0, "num_statements": 8, "percent_covered": 0.0, "percent_covered_display": "0", "missing_lines": 8, "excluded_lines": 0}, "missing_lines": [136, 138, 147, 148, 153, 155, 156, 157], "excluded_lines": []}, "get_jwt_token": {"executed_lines": [], "summary": {"covered_lines": 0, "num_statements": 16, "percent_covered": 0.0, "percent_covered_display": "0", "missing_lines": 16, "excluded_lines": 0}, "missing_lines": [176, 177, 180, 181, 183, 184, 185, 188, 189, 190, 193, 194, 195, 197, 199, 200], "excluded_lines": []}, "get_user_from_api_key": {"executed_lines": [], "summary": {"covered_lines": 0, "num_statements": 7, "percent_covered": 0.0, "percent_covered_display": "0", "missing_lines": 7, "excluded_lines": 0}, "missing_lines": [217, 218, 221, 222, 225, 237, 240], "excluded_lines": []}, "get_user_from_token": {"executed_lines": [], "summary": {"covered_lines": 0, "num_statements": 9, "percent_covered": 0.0, "percent_covered_display": "0", "missing_lines": 9, "excluded_lines": 0}, "missing_lines": [259, 260, 263, 264, 265, 268, 277, 278, 280], "excluded_lines": []}, "get_current_user": {"executed_lines": [], "summary": {"covered_lines": 0, "num_statements": 22, "percent_covered": 0.0, "percent_covered_display": "0", "missing_lines": 22, "excluded_lines": 2}, "missing_lines": [307, 308, 310, 313, 321, 323, 324, 326, 329, 330, 331, 332, 334, 335, 342, 345, 346, 347, 348, 358, 359, 361], "excluded_lines": [306, 311]}, "get_optional_user": {"executed_lines": [], "summary": {"covered_lines": 0, "num_statements": 14, "percent_covered": 0.0, "percent_covered_display": "0", "missing_lines": 14, "excluded_lines": 0}, "missing_lines": [383, 386, 387, 388, 389, 392, 393, 396, 397, 398, 399, 409, 410, 412], "excluded_lines": []}, "get_permissions_for_role": {"executed_lines": [], "summary": {"covered_lines": 0, "num_statements": 3, "percent_covered": 0.0, "percent_covered_display": "0", "missing_lines": 3, "excluded_lines": 0}, "missing_lines": [425, 426, 429], "excluded_lines": []}, "verify_permission": {"executed_lines": [], "summary": {"covered_lines": 0, "num_statements": 12, "percent_covered": 0.0, "percent_covered_display": "0", "missing_lines": 12, "excluded_lines": 0}, "missing_lines": [446, 447, 450, 451, 452, 455, 456, 457, 458, 459, 460, 462], "excluded_lines": []}, "verify_admin_role": {"executed_lines": [], "summary": {"covered_lines": 0, "num_statements": 3, "percent_covered": 0.0, "percent_covered_display": "0", "missing_lines": 3, "excluded_lines": 0}, "missing_lines": [479, 480, 485], "excluded_lines": []}, "verify_api_key": {"executed_lines": [], "summary": {"covered_lines": 0, "num_statements": 3, "percent_covered": 0.0, "percent_covered_display": "0", "missing_lines": 3, "excluded_lines": 0}, "missing_lines": [504, 505, 510], "excluded_lines": []}, "permission_required": {"executed_lines": [], "summary": {"covered_lines": 0, "num_statements": 2, "percent_covered": 0.0, "percent_covered_display": "0", "missing_lines": 2, "excluded_lines": 0}, "missing_lines": [522, 533], "excluded_lines": []}, "permission_required.verify_permission_dependency": {"executed_lines": [], "summary": {"covered_lines": 0, "num_statements": 3, "percent_covered": 0.0, "percent_covered_display": "0", "missing_lines": 3, "excluded_lines": 0}, "missing_lines": [525, 526, 531], "excluded_lines": []}, "role_required": {"executed_lines": [], "summary": {"covered_lines": 0, "num_statements": 2, "percent_covered": 0.0, "percent_covered_display": "0", "missing_lines": 2, "excluded_lines": 0}, "missing_lines": [545, 556], "excluded_lines": []}, "role_required.verify_role_dependency": {"executed_lines": [], "summary": {"covered_lines": 0, "num_statements": 3, "percent_covered": 0.0, "percent_covered_display": "0", "missing_lines": 3, "excluded_lines": 0}, "missing_lines": [548, 549, 554], "excluded_lines": []}, "create_access_token": {"executed_lines": [], "summary": {"covered_lines": 0, "num_statements": 15, "percent_covered": 0.0, "percent_covered_display": "0", "missing_lines": 15, "excluded_lines": 0}, "missing_lines": [581, 582, 584, 585, 588, 589, 592, 594, 604, 605, 607, 609, 610, 613, 614], "excluded_lines": []}, "hash_password": {"executed_lines": [], "summary": {"covered_lines": 0, "num_statements": 0, "percent_covered": 100.0, "percent_covered_display": "100", "missing_lines": 0, "excluded_lines": 19}, "missing_lines": [], "excluded_lines": [617, 618, 619, 620, 621, 622, 623, 624, 625, 626, 627, 628, 629, 630, 631, 632, 633, 634, 635]}, "verify_password": {"executed_lines": [], "summary": {"covered_lines": 0, "num_statements": 0, "percent_covered": 100.0, "percent_covered_display": "100", "missing_lines": 0, "excluded_lines": 23}, "missing_lines": [], "excluded_lines": [638, 639, 640, 641, 642, 643, 644, 645, 646, 647, 648, 649, 650, 651, 652, 653, 654, 655, 656, 657, 658, 659, 660]}, "AuthorizationMiddleware.__init__": {"executed_lines": [], "summary": {"covered_lines": 0, "num_statements": 1, "percent_covered": 0.0, "percent_covered_display": "0", "missing_lines": 1, "excluded_lines": 0}, "missing_lines": [677], "excluded_lines": []}, "AuthorizationMiddleware.__call__": {"executed_lines": [], "summary": {"covered_lines": 0, "num_statements": 27, "percent_covered": 0.0, "percent_covered_display": "0", "missing_lines": 27, "excluded_lines": 1}, "missing_lines": [691, 692, 695, 698, 699, 700, 701, 702, 705, 706, 709, 712, 714, 715, 716, 717, 719, 720, 721, 722, 723, 727, 728, 735, 738, 739, 745], "excluded_lines": [724]}, "AuthorizationMiddleware._match_route": {"executed_lines": [], "summary": {"covered_lines": 0, "num_statements": 12, "percent_covered": 0.0, "percent_covered_display": "0", "missing_lines": 12, "excluded_lines": 0}, "missing_lines": [759, 760, 763, 764, 765, 768, 770, 771, 772, 773, 774, 776], "excluded_lines": []}, "": {"executed_lines": [3, 16, 17, 18, 19, 20, 21, 22, 23, 24, 25, 26, 27, 29, 30, 31, 32, 33, 35, 36, 38, 41, 42, 45, 46, 47, 48, 49, 50, 51, 52, 55, 81, 120, 162, 203, 247, 282, 363, 414, 431, 464, 487, 512, 535, 558, 616, 637, 662, 663, 670, 679, 747], "summary": {"covered_lines": 48, "num_statements": 48, "percent_covered": 100.0, "percent_covered_display": "100", "missing_lines": 0, "excluded_lines": 2}, "missing_lines": [], "excluded_lines": [616, 637]}}, "classes": {"User": {"executed_lines": [], "summary": {"covered_lines": 0, "num_statements": 0, "percent_covered": 100.0, "percent_covered_display": "100", "missing_lines": 0, "excluded_lines": 0}, "missing_lines": [], "excluded_lines": []}, "AuthorizationMiddleware": {"executed_lines": [], "summary": {"covered_lines": 0, "num_statements": 40, "percent_covered": 0.0, "percent_covered_display": "0", "missing_lines": 40, "excluded_lines": 1}, "missing_lines": [677, 691, 692, 695, 698, 699, 700, 701, 702, 705, 706, 709, 712, 714, 715, 716, 717, 719, 720, 721, 722, 723, 727, 728, 735, 738, 739, 745, 759, 760, 763, 764, 765, 768, 770, 771, 772, 773, 774, 776], "excluded_lines": [724]}, "": {"executed_lines": [3, 16, 17, 18, 19, 20, 21, 22, 23, 24, 25, 26, 27, 29, 30, 31, 32, 33, 35, 36, 38, 41, 42, 45, 46, 47, 48, 49, 50, 51, 52, 55, 81, 120, 162, 203, 247, 282, 363, 414, 431, 464, 487, 512, 535, 558, 616, 637, 662, 663, 670, 679, 747], "summary": {"covered_lines": 48, "num_statements": 185, "percent_covered": 25.945945945945947, "percent_covered_display": "26", "missing_lines": 137, "excluded_lines": 46}, "missing_lines": [95, 96, 99, 100, 103, 105, 106, 107, 108, 109, 112, 113, 114, 116, 118, 136, 138, 147, 148, 153, 155, 156, 157, 176, 177, 180, 181, 183, 184, 185, 188, 189, 190, 193, 194, 195, 197, 199, 200, 217, 218, 221, 222, 225, 237, 240, 259, 260, 263, 264, 265, 268, 277, 278, 280, 307, 308, 310, 313, 321, 323, 324, 326, 329, 330, 331, 332, 334, 335, 342, 345, 346, 347, 348, 358, 359, 361, 383, 386, 387, 388, 389, 392, 393, 396, 397, 398, 399, 409, 410, 412, 425, 426, 429, 446, 447, 450, 451, 452, 455, 456, 457, 458, 459, 460, 462, 479, 480, 485, 504, 505, 510, 522, 525, 526, 531, 533, 545, 548, 549, 554, 556, 581, 582, 584, 585, 588, 589, 592, 594, 604, 605, 607, 609, 610, 613, 614], "excluded_lines": [306, 311, 616, 617, 618, 619, 620, 621, 622, 623, 624, 625, 626, 627, 628, 629, 630, 631, 632, 633, 634, 635, 637, 638, 639, 640, 641, 642, 643, 644, 645, 646, 647, 648, 649, 650, 651, 652, 653, 654, 655, 656, 657, 658, 659, 660]}}}, "app/api/middleware/batch_optimizer.py": {"executed_lines": [1, 7, 8, 9, 10, 11, 12, 13, 14, 15, 16, 18, 21, 23, 24, 25, 26, 27, 28, 29, 30, 31, 32, 34, 35, 36, 37, 38, 39, 40, 41, 43, 59, 77, 81, 85, 89, 106, 121, 122, 130, 175, 176, 193, 198, 225, 261, 306, 337], "summary": {"covered_lines": 45, "num_statements": 202, "percent_covered": 22.277227722772277, "percent_covered_display": "22", "missing_lines": 157, "excluded_lines": 1}, "missing_lines": [53, 54, 56, 57, 70, 71, 74, 75, 79, 83, 87, 96, 97, 98, 99, 100, 103, 104, 113, 114, 115, 118, 119, 148, 149, 150, 151, 154, 155, 156, 157, 160, 161, 164, 165, 166, 167, 169, 170, 172, 187, 195, 196, 200, 203, 206, 207, 209, 210, 211, 215, 216, 217, 220, 221, 223, 227, 228, 230, 233, 236, 238, 240, 241, 243, 244, 245, 248, 249, 252, 254, 255, 256, 258, 259, 268, 269, 271, 272, 275, 278, 279, 282, 285, 286, 287, 288, 290, 292, 293, 295, 299, 300, 301, 303, 304, 316, 318, 320, 321, 324, 325, 326, 329, 330, 332, 334, 335, 354, 355, 356, 359, 360, 368, 370, 371, 374, 376, 377, 380, 383, 384, 387, 388, 389, 390, 393, 394, 397, 398, 399, 402, 404, 406, 407, 408, 409, 410, 411, 414, 416, 418, 419, 422, 423, 427, 428, 431, 434, 435, 436, 437, 438, 441, 442, 443, 446], "excluded_lines": [212], "functions": {"BatchGroup.add_item": {"executed_lines": [], "summary": {"covered_lines": 0, "num_statements": 4, "percent_covered": 0.0, "percent_covered_display": "0", "missing_lines": 4, "excluded_lines": 0}, "missing_lines": [53, 54, 56, 57], "excluded_lines": []}, "BatchGroup.is_ready": {"executed_lines": [], "summary": {"covered_lines": 0, "num_statements": 4, "percent_covered": 0.0, "percent_covered_display": "0", "missing_lines": 4, "excluded_lines": 0}, "missing_lines": [70, 71, 74, 75], "excluded_lines": []}, "BatchGroup.mark_as_processing": {"executed_lines": [], "summary": {"covered_lines": 0, "num_statements": 1, "percent_covered": 0.0, "percent_covered_display": "0", "missing_lines": 1, "excluded_lines": 0}, "missing_lines": [79], "excluded_lines": []}, "BatchGroup.get_items_list": {"executed_lines": [], "summary": {"covered_lines": 0, "num_statements": 1, "percent_covered": 0.0, "percent_covered_display": "0", "missing_lines": 1, "excluded_lines": 0}, "missing_lines": [83], "excluded_lines": []}, "BatchGroup.get_items_data": {"executed_lines": [], "summary": {"covered_lines": 0, "num_statements": 1, "percent_covered": 0.0, "percent_covered_display": "0", "missing_lines": 1, "excluded_lines": 0}, "missing_lines": [87], "excluded_lines": []}, "BatchGroup.complete_with_results": {"executed_lines": [], "summary": {"covered_lines": 0, "num_statements": 7, "percent_covered": 0.0, "percent_covered_display": "0", "missing_lines": 7, "excluded_lines": 0}, "missing_lines": [96, 97, 98, 99, 100, 103, 104], "excluded_lines": []}, "BatchGroup.complete_with_error": {"executed_lines": [], "summary": {"covered_lines": 0, "num_statements": 5, "percent_covered": 0.0, "percent_covered_display": "0", "missing_lines": 5, "excluded_lines": 0}, "missing_lines": [113, 114, 115, 118, 119], "excluded_lines": []}, "BatchOptimizer.__init__": {"executed_lines": [], "summary": {"covered_lines": 0, "num_statements": 17, "percent_covered": 0.0, "percent_covered_display": "0", "missing_lines": 17, "excluded_lines": 0}, "missing_lines": [148, 149, 150, 151, 154, 155, 156, 157, 160, 161, 164, 165, 166, 167, 169, 170, 172], "excluded_lines": []}, "BatchOptimizer.create_for_testing": {"executed_lines": [], "summary": {"covered_lines": 0, "num_statements": 1, "percent_covered": 0.0, "percent_covered_display": "0", "missing_lines": 1, "excluded_lines": 0}, "missing_lines": [187], "excluded_lines": []}, "BatchOptimizer.start_background_task": {"executed_lines": [], "summary": {"covered_lines": 0, "num_statements": 2, "percent_covered": 0.0, "percent_covered_display": "0", "missing_lines": 2, "excluded_lines": 0}, "missing_lines": [195, 196], "excluded_lines": []}, "BatchOptimizer.cleanup": {"executed_lines": [], "summary": {"covered_lines": 0, "num_statements": 13, "percent_covered": 0.0, "percent_covered_display": "0", "missing_lines": 13, "excluded_lines": 1}, "missing_lines": [200, 203, 206, 207, 209, 210, 211, 215, 216, 217, 220, 221, 223], "excluded_lines": [212]}, "BatchOptimizer._batch_processing_loop": {"executed_lines": [], "summary": {"covered_lines": 0, "num_statements": 19, "percent_covered": 0.0, "percent_covered_display": "0", "missing_lines": 19, "excluded_lines": 0}, "missing_lines": [227, 228, 230, 233, 236, 238, 240, 241, 243, 244, 245, 248, 249, 252, 254, 255, 256, 258, 259], "excluded_lines": []}, "BatchOptimizer._process_batch": {"executed_lines": [], "summary": {"covered_lines": 0, "num_statements": 21, "percent_covered": 0.0, "percent_covered_display": "0", "missing_lines": 21, "excluded_lines": 0}, "missing_lines": [268, 269, 271, 272, 275, 278, 279, 282, 285, 286, 287, 288, 290, 292, 293, 295, 299, 300, 301, 303, 304], "excluded_lines": []}, "BatchOptimizer._calculate_group_key": {"executed_lines": [], "summary": {"covered_lines": 0, "num_statements": 12, "percent_covered": 0.0, "percent_covered_display": "0", "missing_lines": 12, "excluded_lines": 0}, "missing_lines": [316, 318, 320, 321, 324, 325, 326, 329, 330, 332, 334, 335], "excluded_lines": []}, "BatchOptimizer.process": {"executed_lines": [], "summary": {"covered_lines": 0, "num_statements": 49, "percent_covered": 0.0, "percent_covered_display": "0", "missing_lines": 49, "excluded_lines": 0}, "missing_lines": [354, 355, 356, 359, 360, 368, 370, 371, 374, 376, 377, 380, 383, 384, 387, 388, 389, 390, 393, 394, 397, 398, 399, 402, 404, 406, 407, 408, 409, 410, 411, 414, 416, 418, 419, 422, 423, 427, 428, 431, 434, 435, 436, 437, 438, 441, 442, 443, 446], "excluded_lines": []}, "": {"executed_lines": [1, 7, 8, 9, 10, 11, 12, 13, 14, 15, 16, 18, 21, 23, 24, 25, 26, 27, 28, 29, 30, 31, 32, 34, 35, 36, 37, 38, 39, 40, 41, 43, 59, 77, 81, 85, 89, 106, 121, 122, 130, 175, 176, 193, 198, 225, 261, 306, 337], "summary": {"covered_lines": 45, "num_statements": 45, "percent_covered": 100.0, "percent_covered_display": "100", "missing_lines": 0, "excluded_lines": 0}, "missing_lines": [], "excluded_lines": []}}, "classes": {"BatchItem": {"executed_lines": [], "summary": {"covered_lines": 0, "num_statements": 0, "percent_covered": 100.0, "percent_covered_display": "100", "missing_lines": 0, "excluded_lines": 0}, "missing_lines": [], "excluded_lines": []}, "BatchGroup": {"executed_lines": [], "summary": {"covered_lines": 0, "num_statements": 23, "percent_covered": 0.0, "percent_covered_display": "0", "missing_lines": 23, "excluded_lines": 0}, "missing_lines": [53, 54, 56, 57, 70, 71, 74, 75, 79, 83, 87, 96, 97, 98, 99, 100, 103, 104, 113, 114, 115, 118, 119], "excluded_lines": []}, "BatchOptimizer": {"executed_lines": [], "summary": {"covered_lines": 0, "num_statements": 134, "percent_covered": 0.0, "percent_covered_display": "0", "missing_lines": 134, "excluded_lines": 1}, "missing_lines": [148, 149, 150, 151, 154, 155, 156, 157, 160, 161, 164, 165, 166, 167, 169, 170, 172, 187, 195, 196, 200, 203, 206, 207, 209, 210, 211, 215, 216, 217, 220, 221, 223, 227, 228, 230, 233, 236, 238, 240, 241, 243, 244, 245, 248, 249, 252, 254, 255, 256, 258, 259, 268, 269, 271, 272, 275, 278, 279, 282, 285, 286, 287, 288, 290, 292, 293, 295, 299, 300, 301, 303, 304, 316, 318, 320, 321, 324, 325, 326, 329, 330, 332, 334, 335, 354, 355, 356, 359, 360, 368, 370, 371, 374, 376, 377, 380, 383, 384, 387, 388, 389, 390, 393, 394, 397, 398, 399, 402, 404, 406, 407, 408, 409, 410, 411, 414, 416, 418, 419, 422, 423, 427, 428, 431, 434, 435, 436, 437, 438, 441, 442, 443, 446], "excluded_lines": [212]}, "": {"executed_lines": [1, 7, 8, 9, 10, 11, 12, 13, 14, 15, 16, 18, 21, 23, 24, 25, 26, 27, 28, 29, 30, 31, 32, 34, 35, 36, 37, 38, 39, 40, 41, 43, 59, 77, 81, 85, 89, 106, 121, 122, 130, 175, 176, 193, 198, 225, 261, 306, 337], "summary": {"covered_lines": 45, "num_statements": 45, "percent_covered": 100.0, "percent_covered_display": "100", "missing_lines": 0, "excluded_lines": 0}, "missing_lines": [], "excluded_lines": []}}}, "app/api/routes/admin.py": {"executed_lines": [1, 9, 10, 11, 12, 13, 14, 18, 19, 20, 22, 23, 24, 39, 40, 42, 45, 49, 56, 117, 124, 191, 198, 320, 327, 425, 432, 521, 528, 654, 661, 734, 741, 858, 865, 925, 932, 991, 998, 1074, 1080, 1187, 1194, 1278, 1285, 1348, 1355, 1442], "summary": {"covered_lines": 47, "num_statements": 390, "percent_covered": 12.051282051282051, "percent_covered_display": "12", "missing_lines": 343, "excluded_lines": 2}, "missing_lines": [66, 68, 70, 71, 74, 94, 108, 110, 111, 112, 135, 137, 139, 142, 145, 156, 157, 158, 161, 162, 163, 164, 165, 168, 182, 184, 185, 186, 210, 212, 214, 215, 218, 219, 221, 222, 223, 225, 229, 230, 231, 232, 234, 239, 244, 260, 261, 267, 268, 270, 273, 284, 293, 307, 309, 310, 311, 312, 313, 340, 342, 344, 345, 347, 348, 354, 355, 358, 365, 366, 367, 368, 369, 371, 372, 375, 376, 377, 378, 393, 394, 395, 397, 400, 414, 416, 417, 418, 419, 420, 443, 445, 447, 448, 450, 451, 457, 459, 460, 466, 467, 470, 485, 486, 487, 490, 491, 492, 493, 496, 510, 512, 513, 514, 515, 516, 541, 543, 545, 546, 547, 549, 550, 556, 558, 559, 565, 566, 568, 569, 570, 573, 574, 577, 590, 591, 594, 609, 623, 625, 627, 640, 645, 646, 647, 648, 649, 672, 674, 676, 677, 680, 682, 683, 689, 698, 712, 714, 715, 716, 717, 720, 729, 752, 754, 756, 758, 759, 765, 767, 769, 771, 773, 774, 777, 778, 779, 780, 783, 789, 798, 800, 802, 805, 806, 809, 810, 811, 812, 813, 816, 822, 831, 845, 847, 848, 849, 850, 851, 875, 877, 879, 881, 882, 888, 891, 900, 914, 916, 917, 918, 919, 920, 945, 947, 949, 951, 952, 958, 966, 980, 982, 983, 984, 985, 986, 1015, 1017, 1019, 1021, 1022, 1028, 1029, 1031, 1032, 1034, 1035, 1038, 1049, 1063, 1065, 1066, 1067, 1068, 1069, 1094, 1096, 1098, 1099, 1105, 1106, 1109, 1117, 1119, 1121, 1122, 1124, 1127, 1128, 1129, 1132, 1135, 1136, 1138, 1139, 1142, 1143, 1144, 1148, 1149, 1150, 1153, 1168, 1176, 1177, 1178, 1179, 1180, 1206, 1208, 1210, 1211, 1214, 1217, 1218, 1221, 1232, 1235, 1236, 1239, 1252, 1255, 1269, 1271, 1272, 1273, 1296, 1298, 1300, 1303, 1306, 1307, 1309, 1310, 1313, 1314, 1315, 1316, 1319, 1320, 1321, 1322, 1325, 1339, 1341, 1342, 1343, 1367, 1369, 1371, 1372, 1375, 1378, 1379, 1380, 1381, 1382, 1384, 1385, 1391, 1392, 1393, 1396, 1399, 1411, 1429, 1431, 1432, 1433, 1434, 1435, 1452, 1471], "excluded_lines": [146, 250], "functions": {"get_system_info": {"executed_lines": [], "summary": {"covered_lines": 0, "num_statements": 10, "percent_covered": 0.0, "percent_covered_display": "0", "missing_lines": 10, "excluded_lines": 0}, "missing_lines": [66, 68, 70, 71, 74, 94, 108, 110, 111, 112], "excluded_lines": []}, "get_system_config": {"executed_lines": [], "summary": {"covered_lines": 0, "num_statements": 18, "percent_covered": 0.0, "percent_covered_display": "0", "missing_lines": 18, "excluded_lines": 1}, "missing_lines": [135, 137, 139, 142, 145, 156, 157, 158, 161, 162, 163, 164, 165, 168, 182, 184, 185, 186], "excluded_lines": [146]}, "update_system_config": {"executed_lines": [], "summary": {"covered_lines": 0, "num_statements": 31, "percent_covered": 0.0, "percent_covered_display": "0", "missing_lines": 31, "excluded_lines": 1}, "missing_lines": [210, 212, 214, 215, 218, 219, 221, 222, 223, 225, 229, 230, 231, 232, 234, 239, 244, 260, 261, 267, 268, 270, 273, 284, 293, 307, 309, 310, 311, 312, 313], "excluded_lines": [250]}, "list_models": {"executed_lines": [], "summary": {"covered_lines": 0, "num_statements": 31, "percent_covered": 0.0, "percent_covered_display": "0", "missing_lines": 31, "excluded_lines": 0}, "missing_lines": [340, 342, 344, 345, 347, 348, 354, 355, 358, 365, 366, 367, 368, 369, 371, 372, 375, 376, 377, 378, 393, 394, 395, 397, 400, 414, 416, 417, 418, 419, 420], "excluded_lines": []}, "get_model_details": {"executed_lines": [], "summary": {"covered_lines": 0, "num_statements": 26, "percent_covered": 0.0, "percent_covered_display": "0", "missing_lines": 26, "excluded_lines": 0}, "missing_lines": [443, 445, 447, 448, 450, 451, 457, 459, 460, 466, 467, 470, 485, 486, 487, 490, 491, 492, 493, 496, 510, 512, 513, 514, 515, 516], "excluded_lines": []}, "load_model": {"executed_lines": [], "summary": {"covered_lines": 0, "num_statements": 31, "percent_covered": 0.0, "percent_covered_display": "0", "missing_lines": 31, "excluded_lines": 0}, "missing_lines": [541, 543, 545, 546, 547, 549, 550, 556, 558, 559, 565, 566, 568, 569, 570, 573, 574, 577, 590, 591, 594, 609, 623, 625, 627, 640, 645, 646, 647, 648, 649], "excluded_lines": []}, "unload_model": {"executed_lines": [], "summary": {"covered_lines": 0, "num_statements": 16, "percent_covered": 0.0, "percent_covered_display": "0", "missing_lines": 16, "excluded_lines": 0}, "missing_lines": [672, 674, 676, 677, 680, 682, 683, 689, 698, 712, 714, 715, 716, 717, 720, 729], "excluded_lines": []}, "list_supported_languages": {"executed_lines": [], "summary": {"covered_lines": 0, "num_statements": 36, "percent_covered": 0.0, "percent_covered_display": "0", "missing_lines": 36, "excluded_lines": 0}, "missing_lines": [752, 754, 756, 758, 759, 765, 767, 769, 771, 773, 774, 777, 778, 779, 780, 783, 789, 798, 800, 802, 805, 806, 809, 810, 811, 812, 813, 816, 822, 831, 845, 847, 848, 849, 850, 851], "excluded_lines": []}, "get_system_metrics": {"executed_lines": [], "summary": {"covered_lines": 0, "num_statements": 14, "percent_covered": 0.0, "percent_covered_display": "0", "missing_lines": 14, "excluded_lines": 0}, "missing_lines": [875, 877, 879, 881, 882, 888, 891, 900, 914, 916, 917, 918, 919, 920], "excluded_lines": []}, "get_time_series_metrics": {"executed_lines": [], "summary": {"covered_lines": 0, "num_statements": 13, "percent_covered": 0.0, "percent_covered_display": "0", "missing_lines": 13, "excluded_lines": 0}, "missing_lines": [945, 947, 949, 951, 952, 958, 966, 980, 982, 983, 984, 985, 986], "excluded_lines": []}, "search_audit_logs": {"executed_lines": [], "summary": {"covered_lines": 0, "num_statements": 19, "percent_covered": 0.0, "percent_covered_display": "0", "missing_lines": 19, "excluded_lines": 0}, "missing_lines": [1015, 1017, 1019, 1021, 1022, 1028, 1029, 1031, 1032, 1034, 1035, 1038, 1049, 1063, 1065, 1066, 1067, 1068, 1069], "excluded_lines": []}, "export_audit_logs": {"executed_lines": [], "summary": {"covered_lines": 0, "num_statements": 33, "percent_covered": 0.0, "percent_covered_display": "0", "missing_lines": 33, "excluded_lines": 0}, "missing_lines": [1094, 1096, 1098, 1099, 1105, 1106, 1109, 1117, 1119, 1121, 1122, 1124, 1127, 1128, 1129, 1132, 1135, 1136, 1138, 1139, 1142, 1143, 1144, 1148, 1149, 1150, 1153, 1168, 1176, 1177, 1178, 1179, 1180], "excluded_lines": []}, "create_api_key": {"executed_lines": [], "summary": {"covered_lines": 0, "num_statements": 18, "percent_covered": 0.0, "percent_covered_display": "0", "missing_lines": 18, "excluded_lines": 0}, "missing_lines": [1206, 1208, 1210, 1211, 1214, 1217, 1218, 1221, 1232, 1235, 1236, 1239, 1252, 1255, 1269, 1271, 1272, 1273], "excluded_lines": []}, "list_api_keys": {"executed_lines": [], "summary": {"covered_lines": 0, "num_statements": 21, "percent_covered": 0.0, "percent_covered_display": "0", "missing_lines": 21, "excluded_lines": 0}, "missing_lines": [1296, 1298, 1300, 1303, 1306, 1307, 1309, 1310, 1313, 1314, 1315, 1316, 1319, 1320, 1321, 1322, 1325, 1339, 1341, 1342, 1343], "excluded_lines": []}, "revoke_api_key": {"executed_lines": [], "summary": {"covered_lines": 0, "num_statements": 24, "percent_covered": 0.0, "percent_covered_display": "0", "missing_lines": 24, "excluded_lines": 0}, "missing_lines": [1367, 1369, 1371, 1372, 1375, 1378, 1379, 1380, 1381, 1382, 1384, 1385, 1391, 1392, 1393, 1396, 1399, 1411, 1429, 1431, 1432, 1433, 1434, 1435], "excluded_lines": []}, "get_language_name": {"executed_lines": [], "summary": {"covered_lines": 0, "num_statements": 2, "percent_covered": 0.0, "percent_covered_display": "0", "missing_lines": 2, "excluded_lines": 0}, "missing_lines": [1452, 1471], "excluded_lines": []}, "": {"executed_lines": [1, 9, 10, 11, 12, 13, 14, 18, 19, 20, 22, 23, 24, 39, 40, 42, 45, 49, 56, 117, 124, 191, 198, 320, 327, 425, 432, 521, 528, 654, 661, 734, 741, 858, 865, 925, 932, 991, 998, 1074, 1080, 1187, 1194, 1278, 1285, 1348, 1355, 1442], "summary": {"covered_lines": 47, "num_statements": 47, "percent_covered": 100.0, "percent_covered_display": "100", "missing_lines": 0, "excluded_lines": 0}, "missing_lines": [], "excluded_lines": []}}, "classes": {"": {"executed_lines": [1, 9, 10, 11, 12, 13, 14, 18, 19, 20, 22, 23, 24, 39, 40, 42, 45, 49, 56, 117, 124, 191, 198, 320, 327, 425, 432, 521, 528, 654, 661, 734, 741, 858, 865, 925, 932, 991, 998, 1074, 1080, 1187, 1194, 1278, 1285, 1348, 1355, 1442], "summary": {"covered_lines": 47, "num_statements": 390, "percent_covered": 12.051282051282051, "percent_covered_display": "12", "missing_lines": 343, "excluded_lines": 2}, "missing_lines": [66, 68, 70, 71, 74, 94, 108, 110, 111, 112, 135, 137, 139, 142, 145, 156, 157, 158, 161, 162, 163, 164, 165, 168, 182, 184, 185, 186, 210, 212, 214, 215, 218, 219, 221, 222, 223, 225, 229, 230, 231, 232, 234, 239, 244, 260, 261, 267, 268, 270, 273, 284, 293, 307, 309, 310, 311, 312, 313, 340, 342, 344, 345, 347, 348, 354, 355, 358, 365, 366, 367, 368, 369, 371, 372, 375, 376, 377, 378, 393, 394, 395, 397, 400, 414, 416, 417, 418, 419, 420, 443, 445, 447, 448, 450, 451, 457, 459, 460, 466, 467, 470, 485, 486, 487, 490, 491, 492, 493, 496, 510, 512, 513, 514, 515, 516, 541, 543, 545, 546, 547, 549, 550, 556, 558, 559, 565, 566, 568, 569, 570, 573, 574, 577, 590, 591, 594, 609, 623, 625, 627, 640, 645, 646, 647, 648, 649, 672, 674, 676, 677, 680, 682, 683, 689, 698, 712, 714, 715, 716, 717, 720, 729, 752, 754, 756, 758, 759, 765, 767, 769, 771, 773, 774, 777, 778, 779, 780, 783, 789, 798, 800, 802, 805, 806, 809, 810, 811, 812, 813, 816, 822, 831, 845, 847, 848, 849, 850, 851, 875, 877, 879, 881, 882, 888, 891, 900, 914, 916, 917, 918, 919, 920, 945, 947, 949, 951, 952, 958, 966, 980, 982, 983, 984, 985, 986, 1015, 1017, 1019, 1021, 1022, 1028, 1029, 1031, 1032, 1034, 1035, 1038, 1049, 1063, 1065, 1066, 1067, 1068, 1069, 1094, 1096, 1098, 1099, 1105, 1106, 1109, 1117, 1119, 1121, 1122, 1124, 1127, 1128, 1129, 1132, 1135, 1136, 1138, 1139, 1142, 1143, 1144, 1148, 1149, 1150, 1153, 1168, 1176, 1177, 1178, 1179, 1180, 1206, 1208, 1210, 1211, 1214, 1217, 1218, 1221, 1232, 1235, 1236, 1239, 1252, 1255, 1269, 1271, 1272, 1273, 1296, 1298, 1300, 1303, 1306, 1307, 1309, 1310, 1313, 1314, 1315, 1316, 1319, 1320, 1321, 1322, 1325, 1339, 1341, 1342, 1343, 1367, 1369, 1371, 1372, 1375, 1378, 1379, 1380, 1381, 1382, 1384, 1385, 1391, 1392, 1393, 1396, 1399, 1411, 1429, 1431, 1432, 1433, 1434, 1435, 1452, 1471], "excluded_lines": [146, 250]}}}, "app/api/routes/bloom_housing.py": {"executed_lines": [1, 12, 13, 14, 15, 16, 17, 18, 19, 20, 21, 23, 24, 25, 32, 35, 37, 44, 92, 99, 139, 146, 187, 194, 247, 254], "summary": {"covered_lines": 25, "num_statements": 57, "percent_covered": 43.85964912280702, "percent_covered_display": "44", "missing_lines": 32, "excluded_lines": 0}, "missing_lines": [59, 63, 66, 67, 79, 87, 88, 90, 113, 116, 119, 120, 127, 135, 137, 160, 163, 166, 167, 175, 183, 185, 212, 221, 224, 227, 243, 245, 266, 269, 288, 290], "excluded_lines": [], "functions": {"bloom_translate_text": {"executed_lines": [], "summary": {"covered_lines": 0, "num_statements": 8, "percent_covered": 0.0, "percent_covered_display": "0", "missing_lines": 8, "excluded_lines": 0}, "missing_lines": [59, 63, 66, 67, 79, 87, 88, 90], "excluded_lines": []}, "bloom_detect_language": {"executed_lines": [], "summary": {"covered_lines": 0, "num_statements": 7, "percent_covered": 0.0, "percent_covered_display": "0", "missing_lines": 7, "excluded_lines": 0}, "missing_lines": [113, 116, 119, 120, 127, 135, 137], "excluded_lines": []}, "bloom_analyze_text": {"executed_lines": [], "summary": {"covered_lines": 0, "num_statements": 7, "percent_covered": 0.0, "percent_covered_display": "0", "missing_lines": 7, "excluded_lines": 0}, "missing_lines": [160, 163, 166, 167, 175, 183, 185], "excluded_lines": []}, "bloom_translate_document": {"executed_lines": [], "summary": {"covered_lines": 0, "num_statements": 6, "percent_covered": 0.0, "percent_covered_display": "0", "missing_lines": 6, "excluded_lines": 0}, "missing_lines": [212, 221, 224, 227, 243, 245], "excluded_lines": []}, "bloom_document_status": {"executed_lines": [], "summary": {"covered_lines": 0, "num_statements": 4, "percent_covered": 0.0, "percent_covered_display": "0", "missing_lines": 4, "excluded_lines": 0}, "missing_lines": [266, 269, 288, 290], "excluded_lines": []}, "": {"executed_lines": [1, 12, 13, 14, 15, 16, 17, 18, 19, 20, 21, 23, 24, 25, 32, 35, 37, 44, 92, 99, 139, 146, 187, 194, 247, 254], "summary": {"covered_lines": 25, "num_statements": 25, "percent_covered": 100.0, "percent_covered_display": "100", "missing_lines": 0, "excluded_lines": 0}, "missing_lines": [], "excluded_lines": []}}, "classes": {"": {"executed_lines": [1, 12, 13, 14, 15, 16, 17, 18, 19, 20, 21, 23, 24, 25, 32, 35, 37, 44, 92, 99, 139, 146, 187, 194, 247, 254], "summary": {"covered_lines": 25, "num_statements": 57, "percent_covered": 43.85964912280702, "percent_covered_display": "44", "missing_lines": 32, "excluded_lines": 0}, "missing_lines": [59, 63, 66, 67, 79, 87, 88, 90, 113, 116, 119, 120, 127, 135, 137, 160, 163, 166, 167, 175, 183, 185, 212, 221, 224, 227, 243, 245, 266, 269, 288, 290], "excluded_lines": []}}}, "app/api/routes/document.py": {"executed_lines": [1, 9, 10, 11, 12, 13, 14, 15, 17, 27, 28, 29, 30, 32, 35, 38, 42, 49, 251, 258, 456, 463], "summary": {"covered_lines": 21, "num_statements": 137, "percent_covered": 15.328467153284672, "percent_covered_display": "15", "missing_lines": 116, "excluded_lines": 0}, "missing_lines": [65, 66, 69, 70, 72, 74, 75, 76, 77, 78, 81, 82, 85, 86, 87, 88, 89, 90, 92, 95, 111, 114, 115, 130, 142, 143, 149, 158, 171, 174, 192, 209, 210, 218, 220, 222, 223, 224, 227, 242, 248, 280, 281, 283, 285, 286, 287, 288, 289, 292, 293, 296, 297, 298, 299, 300, 301, 303, 306, 327, 330, 344, 354, 355, 361, 362, 365, 366, 367, 373, 389, 392, 410, 424, 426, 428, 429, 430, 433, 447, 453, 480, 481, 483, 485, 486, 487, 488, 489, 492, 493, 496, 497, 498, 499, 500, 501, 503, 506, 524, 527, 536, 545, 546, 552, 568, 571, 588, 602, 604, 606, 607, 608, 611, 625, 631], "excluded_lines": [], "functions": {"extract_document_text": {"executed_lines": [], "summary": {"covered_lines": 0, "num_statements": 41, "percent_covered": 0.0, "percent_covered_display": "0", "missing_lines": 41, "excluded_lines": 0}, "missing_lines": [65, 66, 69, 70, 72, 74, 75, 76, 77, 78, 81, 82, 85, 86, 87, 88, 89, 90, 92, 95, 111, 114, 115, 130, 142, 143, 149, 158, 171, 174, 192, 209, 210, 218, 220, 222, 223, 224, 227, 242, 248], "excluded_lines": []}, "process_document": {"executed_lines": [], "summary": {"covered_lines": 0, "num_statements": 40, "percent_covered": 0.0, "percent_covered_display": "0", "missing_lines": 40, "excluded_lines": 0}, "missing_lines": [280, 281, 283, 285, 286, 287, 288, 289, 292, 293, 296, 297, 298, 299, 300, 301, 303, 306, 327, 330, 344, 354, 355, 361, 362, 365, 366, 367, 373, 389, 392, 410, 424, 426, 428, 429, 430, 433, 447, 453], "excluded_lines": []}, "analyze_document": {"executed_lines": [], "summary": {"covered_lines": 0, "num_statements": 35, "percent_covered": 0.0, "percent_covered_display": "0", "missing_lines": 35, "excluded_lines": 0}, "missing_lines": [480, 481, 483, 485, 486, 487, 488, 489, 492, 493, 496, 497, 498, 499, 500, 501, 503, 506, 524, 527, 536, 545, 546, 552, 568, 571, 588, 602, 604, 606, 607, 608, 611, 625, 631], "excluded_lines": []}, "": {"executed_lines": [1, 9, 10, 11, 12, 13, 14, 15, 17, 27, 28, 29, 30, 32, 35, 38, 42, 49, 251, 258, 456, 463], "summary": {"covered_lines": 21, "num_statements": 21, "percent_covered": 100.0, "percent_covered_display": "100", "missing_lines": 0, "excluded_lines": 0}, "missing_lines": [], "excluded_lines": []}}, "classes": {"": {"executed_lines": [1, 9, 10, 11, 12, 13, 14, 15, 17, 27, 28, 29, 30, 32, 35, 38, 42, 49, 251, 258, 456, 463], "summary": {"covered_lines": 21, "num_statements": 137, "percent_covered": 15.328467153284672, "percent_covered_display": "15", "missing_lines": 116, "excluded_lines": 0}, "missing_lines": [65, 66, 69, 70, 72, 74, 75, 76, 77, 78, 81, 82, 85, 86, 87, 88, 89, 90, 92, 95, 111, 114, 115, 130, 142, 143, 149, 158, 171, 174, 192, 209, 210, 218, 220, 222, 223, 224, 227, 242, 248, 280, 281, 283, 285, 286, 287, 288, 289, 292, 293, 296, 297, 298, 299, 300, 301, 303, 306, 327, 330, 344, 354, 355, 361, 362, 365, 366, 367, 373, 389, 392, 410, 424, 426, 428, 429, 430, 433, 447, 453, 480, 481, 483, 485, 486, 487, 488, 489, 492, 493, 496, 497, 498, 499, 500, 501, 503, 506, 524, 527, 536, 545, 546, 552, 568, 571, 588, 602, 604, 606, 607, 608, 611, 625, 631], "excluded_lines": []}}}, "app/api/routes/health.py": {"executed_lines": [1, 13, 14, 15, 16, 17, 18, 19, 20, 22, 23, 24, 26, 29, 31, 32, 33, 34, 35, 36, 37, 39, 40, 41, 42, 43, 44, 45, 46, 47, 48, 50, 51, 52, 53, 54, 55, 56, 57, 58, 59, 60, 62, 68, 206, 213, 278, 283, 564, 569, 678, 684, 808, 814, 824, 1213, 1260], "summary": {"covered_lines": 53, "num_statements": 529, "percent_covered": 10.01890359168242, "percent_covered_display": "10", "missing_lines": 476, "excluded_lines": 6}, "missing_lines": [75, 77, 79, 80, 81, 84, 85, 88, 89, 94, 97, 98, 100, 101, 102, 103, 104, 105, 107, 108, 109, 110, 111, 112, 115, 116, 117, 119, 120, 123, 124, 128, 129, 130, 133, 135, 136, 138, 139, 142, 144, 145, 146, 148, 151, 152, 154, 155, 156, 157, 158, 159, 162, 163, 165, 167, 168, 169, 170, 171, 172, 175, 176, 177, 178, 179, 182, 191, 193, 194, 197, 220, 222, 224, 225, 226, 227, 230, 233, 236, 239, 248, 249, 250, 251, 252, 253, 254, 257, 269, 271, 272, 273, 290, 291, 293, 294, 295, 296, 305, 306, 309, 312, 313, 316, 319, 320, 321, 323, 324, 333, 334, 335, 338, 348, 349, 350, 355, 357, 359, 360, 362, 363, 369, 370, 371, 377, 378, 379, 384, 385, 387, 396, 399, 400, 401, 402, 403, 404, 405, 406, 408, 410, 411, 413, 414, 415, 416, 417, 418, 420, 422, 427, 428, 429, 432, 433, 434, 435, 436, 437, 438, 439, 441, 443, 444, 446, 447, 448, 449, 450, 451, 452, 453, 454, 455, 457, 466, 469, 470, 471, 472, 473, 474, 475, 477, 478, 482, 483, 484, 487, 491, 492, 493, 494, 495, 496, 497, 499, 501, 502, 503, 504, 505, 506, 509, 511, 512, 515, 518, 519, 520, 521, 522, 523, 526, 528, 529, 530, 532, 533, 536, 547, 548, 549, 551, 553, 554, 555, 556, 575, 577, 579, 580, 586, 589, 590, 593, 594, 596, 597, 598, 599, 603, 604, 605, 609, 612, 613, 614, 615, 616, 617, 621, 622, 623, 627, 630, 631, 632, 633, 634, 635, 639, 640, 641, 645, 648, 649, 650, 651, 654, 655, 656, 657, 659, 661, 669, 670, 672, 692, 693, 695, 703, 710, 711, 712, 714, 715, 718, 726, 727, 728, 731, 732, 733, 735, 736, 738, 747, 748, 749, 754, 760, 776, 777, 781, 783, 784, 792, 799, 800, 801, 802, 820, 834, 835, 838, 839, 840, 843, 844, 845, 846, 848, 849, 850, 851, 853, 856, 857, 858, 865, 866, 871, 879, 887, 888, 890, 891, 894, 895, 899, 900, 901, 904, 905, 906, 908, 909, 912, 913, 914, 920, 921, 922, 923, 932, 933, 940, 947, 955, 956, 957, 960, 961, 962, 963, 964, 966, 967, 968, 976, 977, 983, 991, 999, 1003, 1004, 1005, 1008, 1013, 1015, 1016, 1017, 1018, 1020, 1024, 1025, 1026, 1030, 1033, 1034, 1036, 1043, 1051, 1052, 1053, 1054, 1057, 1058, 1066, 1072, 1074, 1075, 1083, 1091, 1092, 1093, 1096, 1097, 1098, 1099, 1100, 1101, 1102, 1104, 1110, 1111, 1112, 1120, 1128, 1129, 1132, 1138, 1139, 1140, 1142, 1149, 1157, 1158, 1159, 1161, 1162, 1164, 1171, 1179, 1180, 1182, 1183, 1185, 1194, 1195, 1196, 1204, 1211, 1221, 1224, 1225, 1226, 1229, 1230, 1231, 1234, 1235, 1236, 1238, 1241, 1242, 1244, 1245, 1246, 1247, 1249, 1270, 1271, 1272, 1274, 1275, 1276, 1277, 1278, 1279, 1280, 1281, 1283], "excluded_lines": [697, 704, 739, 763, 769, 775], "functions": {"health_check": {"executed_lines": [], "summary": {"covered_lines": 0, "num_statements": 71, "percent_covered": 0.0, "percent_covered_display": "0", "missing_lines": 71, "excluded_lines": 0}, "missing_lines": [75, 77, 79, 80, 81, 84, 85, 88, 89, 94, 97, 98, 100, 101, 102, 103, 104, 105, 107, 108, 109, 110, 111, 112, 115, 116, 117, 119, 120, 123, 124, 128, 129, 130, 133, 135, 136, 138, 139, 142, 144, 145, 146, 148, 151, 152, 154, 155, 156, 157, 158, 159, 162, 163, 165, 167, 168, 169, 170, 171, 172, 175, 176, 177, 178, 179, 182, 191, 193, 194, 197], "excluded_lines": []}, "detailed_health_check": {"executed_lines": [], "summary": {"covered_lines": 0, "num_statements": 22, "percent_covered": 0.0, "percent_covered_display": "0", "missing_lines": 22, "excluded_lines": 0}, "missing_lines": [220, 222, 224, 225, 226, 227, 230, 233, 236, 239, 248, 249, 250, 251, 252, 253, 254, 257, 269, 271, 272, 273], "excluded_lines": []}, "model_health_check": {"executed_lines": [], "summary": {"covered_lines": 0, "num_statements": 137, "percent_covered": 0.0, "percent_covered_display": "0", "missing_lines": 137, "excluded_lines": 0}, "missing_lines": [290, 291, 293, 294, 295, 296, 305, 306, 309, 312, 313, 316, 319, 320, 321, 323, 324, 333, 334, 335, 338, 348, 349, 350, 355, 357, 359, 360, 362, 363, 369, 370, 371, 377, 378, 379, 384, 385, 387, 396, 399, 400, 401, 402, 403, 404, 405, 406, 408, 410, 411, 413, 414, 415, 416, 417, 418, 420, 422, 427, 428, 429, 432, 433, 434, 435, 436, 437, 438, 439, 441, 443, 444, 446, 447, 448, 449, 450, 451, 452, 453, 454, 455, 457, 466, 469, 470, 471, 472, 473, 474, 475, 477, 478, 482, 483, 484, 487, 491, 492, 493, 494, 495, 496, 497, 499, 501, 502, 503, 504, 505, 506, 509, 511, 512, 515, 518, 519, 520, 521, 522, 523, 526, 528, 529, 530, 532, 533, 536, 547, 548, 549, 551, 553, 554, 555, 556], "excluded_lines": []}, "database_health_check": {"executed_lines": [], "summary": {"covered_lines": 0, "num_statements": 50, "percent_covered": 0.0, "percent_covered_display": "0", "missing_lines": 50, "excluded_lines": 0}, "missing_lines": [575, 577, 579, 580, 586, 589, 590, 593, 594, 596, 597, 598, 599, 603, 604, 605, 609, 612, 613, 614, 615, 616, 617, 621, 622, 623, 627, 630, 631, 632, 633, 634, 635, 639, 640, 641, 645, 648, 649, 650, 651, 654, 655, 656, 657, 659, 661, 669, 670, 672], "excluded_lines": []}, "readiness_probe": {"executed_lines": [], "summary": {"covered_lines": 0, "num_statements": 34, "percent_covered": 0.0, "percent_covered_display": "0", "missing_lines": 34, "excluded_lines": 6}, "missing_lines": [692, 693, 695, 703, 710, 711, 712, 714, 715, 718, 726, 727, 728, 731, 732, 733, 735, 736, 738, 747, 748, 749, 754, 760, 776, 777, 781, 783, 784, 792, 799, 800, 801, 802], "excluded_lines": [697, 704, 739, 763, 769, 775]}, "liveness_probe": {"executed_lines": [], "summary": {"covered_lines": 0, "num_statements": 1, "percent_covered": 0.0, "percent_covered_display": "0", "missing_lines": 1, "excluded_lines": 0}, "missing_lines": [820], "excluded_lines": []}, "check_component_status": {"executed_lines": [], "summary": {"covered_lines": 0, "num_statements": 131, "percent_covered": 0.0, "percent_covered_display": "0", "missing_lines": 131, "excluded_lines": 0}, "missing_lines": [834, 835, 838, 839, 840, 843, 844, 845, 846, 848, 849, 850, 851, 853, 856, 857, 858, 865, 866, 871, 879, 887, 888, 890, 891, 894, 895, 899, 900, 901, 904, 905, 906, 908, 909, 912, 913, 914, 920, 921, 922, 923, 932, 933, 940, 947, 955, 956, 957, 960, 961, 962, 963, 964, 966, 967, 968, 976, 977, 983, 991, 999, 1003, 1004, 1005, 1008, 1013, 1015, 1016, 1017, 1018, 1020, 1024, 1025, 1026, 1030, 1033, 1034, 1036, 1043, 1051, 1052, 1053, 1054, 1057, 1058, 1066, 1072, 1074, 1075, 1083, 1091, 1092, 1093, 1096, 1097, 1098, 1099, 1100, 1101, 1102, 1104, 1110, 1111, 1112, 1120, 1128, 1129, 1132, 1138, 1139, 1140, 1142, 1149, 1157, 1158, 1159, 1161, 1162, 1164, 1171, 1179, 1180, 1182, 1183, 1185, 1194, 1195, 1196, 1204, 1211], "excluded_lines": []}, "get_system_metrics": {"executed_lines": [], "summary": {"covered_lines": 0, "num_statements": 18, "percent_covered": 0.0, "percent_covered_display": "0", "missing_lines": 18, "excluded_lines": 0}, "missing_lines": [1221, 1224, 1225, 1226, 1229, 1230, 1231, 1234, 1235, 1236, 1238, 1241, 1242, 1244, 1245, 1246, 1247, 1249], "excluded_lines": []}, "format_uptime": {"executed_lines": [], "summary": {"covered_lines": 0, "num_statements": 12, "percent_covered": 0.0, "percent_covered_display": "0", "missing_lines": 12, "excluded_lines": 0}, "missing_lines": [1270, 1271, 1272, 1274, 1275, 1276, 1277, 1278, 1279, 1280, 1281, 1283], "excluded_lines": []}, "": {"executed_lines": [1, 13, 14, 15, 16, 17, 18, 19, 20, 22, 23, 24, 26, 29, 31, 32, 33, 34, 35, 36, 37, 39, 40, 41, 42, 43, 44, 45, 46, 47, 48, 50, 51, 52, 53, 54, 55, 56, 57, 58, 59, 60, 62, 68, 206, 213, 278, 283, 564, 569, 678, 684, 808, 814, 824, 1213, 1260], "summary": {"covered_lines": 53, "num_statements": 53, "percent_covered": 100.0, "percent_covered_display": "100", "missing_lines": 0, "excluded_lines": 0}, "missing_lines": [], "excluded_lines": []}}, "classes": {"ComponentStatus": {"executed_lines": [], "summary": {"covered_lines": 0, "num_statements": 0, "percent_covered": 100.0, "percent_covered_display": "100", "missing_lines": 0, "excluded_lines": 0}, "missing_lines": [], "excluded_lines": []}, "SystemMetrics": {"executed_lines": [], "summary": {"covered_lines": 0, "num_statements": 0, "percent_covered": 100.0, "percent_covered_display": "100", "missing_lines": 0, "excluded_lines": 0}, "missing_lines": [], "excluded_lines": []}, "DetailedHealthResponse": {"executed_lines": [], "summary": {"covered_lines": 0, "num_statements": 0, "percent_covered": 100.0, "percent_covered_display": "100", "missing_lines": 0, "excluded_lines": 0}, "missing_lines": [], "excluded_lines": []}, "": {"executed_lines": [1, 13, 14, 15, 16, 17, 18, 19, 20, 22, 23, 24, 26, 29, 31, 32, 33, 34, 35, 36, 37, 39, 40, 41, 42, 43, 44, 45, 46, 47, 48, 50, 51, 52, 53, 54, 55, 56, 57, 58, 59, 60, 62, 68, 206, 213, 278, 283, 564, 569, 678, 684, 808, 814, 824, 1213, 1260], "summary": {"covered_lines": 53, "num_statements": 529, "percent_covered": 10.01890359168242, "percent_covered_display": "10", "missing_lines": 476, "excluded_lines": 6}, "missing_lines": [75, 77, 79, 80, 81, 84, 85, 88, 89, 94, 97, 98, 100, 101, 102, 103, 104, 105, 107, 108, 109, 110, 111, 112, 115, 116, 117, 119, 120, 123, 124, 128, 129, 130, 133, 135, 136, 138, 139, 142, 144, 145, 146, 148, 151, 152, 154, 155, 156, 157, 158, 159, 162, 163, 165, 167, 168, 169, 170, 171, 172, 175, 176, 177, 178, 179, 182, 191, 193, 194, 197, 220, 222, 224, 225, 226, 227, 230, 233, 236, 239, 248, 249, 250, 251, 252, 253, 254, 257, 269, 271, 272, 273, 290, 291, 293, 294, 295, 296, 305, 306, 309, 312, 313, 316, 319, 320, 321, 323, 324, 333, 334, 335, 338, 348, 349, 350, 355, 357, 359, 360, 362, 363, 369, 370, 371, 377, 378, 379, 384, 385, 387, 396, 399, 400, 401, 402, 403, 404, 405, 406, 408, 410, 411, 413, 414, 415, 416, 417, 418, 420, 422, 427, 428, 429, 432, 433, 434, 435, 436, 437, 438, 439, 441, 443, 444, 446, 447, 448, 449, 450, 451, 452, 453, 454, 455, 457, 466, 469, 470, 471, 472, 473, 474, 475, 477, 478, 482, 483, 484, 487, 491, 492, 493, 494, 495, 496, 497, 499, 501, 502, 503, 504, 505, 506, 509, 511, 512, 515, 518, 519, 520, 521, 522, 523, 526, 528, 529, 530, 532, 533, 536, 547, 548, 549, 551, 553, 554, 555, 556, 575, 577, 579, 580, 586, 589, 590, 593, 594, 596, 597, 598, 599, 603, 604, 605, 609, 612, 613, 614, 615, 616, 617, 621, 622, 623, 627, 630, 631, 632, 633, 634, 635, 639, 640, 641, 645, 648, 649, 650, 651, 654, 655, 656, 657, 659, 661, 669, 670, 672, 692, 693, 695, 703, 710, 711, 712, 714, 715, 718, 726, 727, 728, 731, 732, 733, 735, 736, 738, 747, 748, 749, 754, 760, 776, 777, 781, 783, 784, 792, 799, 800, 801, 802, 820, 834, 835, 838, 839, 840, 843, 844, 845, 846, 848, 849, 850, 851, 853, 856, 857, 858, 865, 866, 871, 879, 887, 888, 890, 891, 894, 895, 899, 900, 901, 904, 905, 906, 908, 909, 912, 913, 914, 920, 921, 922, 923, 932, 933, 940, 947, 955, 956, 957, 960, 961, 962, 963, 964, 966, 967, 968, 976, 977, 983, 991, 999, 1003, 1004, 1005, 1008, 1013, 1015, 1016, 1017, 1018, 1020, 1024, 1025, 1026, 1030, 1033, 1034, 1036, 1043, 1051, 1052, 1053, 1054, 1057, 1058, 1066, 1072, 1074, 1075, 1083, 1091, 1092, 1093, 1096, 1097, 1098, 1099, 1100, 1101, 1102, 1104, 1110, 1111, 1112, 1120, 1128, 1129, 1132, 1138, 1139, 1140, 1142, 1149, 1157, 1158, 1159, 1161, 1162, 1164, 1171, 1179, 1180, 1182, 1183, 1185, 1194, 1195, 1196, 1204, 1211, 1221, 1224, 1225, 1226, 1229, 1230, 1231, 1234, 1235, 1236, 1238, 1241, 1242, 1244, 1245, 1246, 1247, 1249, 1270, 1271, 1272, 1274, 1275, 1276, 1277, 1278, 1279, 1280, 1281, 1283], "excluded_lines": [697, 704, 739, 763, 769, 775]}}}, "app/api/routes/pipeline.py": {"executed_lines": [1, 6, 7, 8, 9, 10, 11, 13, 14, 16, 17, 18, 19, 20, 21, 22, 25, 28, 36, 43, 240, 247, 312, 319, 527, 534, 790, 797, 1010, 1017, 1030, 1031, 1032, 1033, 1034, 1035, 1036, 1038, 1039, 1040, 1041, 1042, 1043, 1044, 1045, 1046, 1047, 1049, 1050, 1052, 1059, 1249, 1250, 1251, 1252, 1253, 1254, 1255, 1256, 1258, 1259, 1260, 1261, 1262, 1263, 1264, 1265, 1266, 1267, 1268, 1270, 1271, 1273, 1280, 1519, 1526, 1719, 1720, 1721, 1722, 1723, 1724, 1725, 1726, 1728, 1729, 1730, 1731, 1732, 1733, 1734, 1735, 1736, 1737, 1738, 1739, 1740, 1742, 1743, 1745, 1752], "summary": {"covered_lines": 97, "num_statements": 520, "percent_covered": 18.653846153846153, "percent_covered_display": "19", "missing_lines": 423, "excluded_lines": 3}, "missing_lines": [58, 59, 61, 63, 64, 65, 66, 67, 70, 71, 74, 90, 95, 96, 107, 122, 123, 124, 127, 128, 131, 141, 144, 145, 146, 148, 149, 151, 152, 155, 165, 168, 185, 201, 215, 217, 218, 221, 235, 256, 258, 259, 260, 263, 264, 265, 266, 269, 287, 300, 302, 303, 305, 330, 331, 333, 335, 336, 337, 338, 339, 342, 357, 359, 368, 369, 371, 380, 381, 400, 420, 421, 422, 423, 430, 431, 433, 434, 435, 436, 437, 438, 439, 442, 445, 463, 487, 501, 503, 504, 507, 522, 545, 546, 548, 550, 551, 552, 553, 554, 557, 572, 574, 579, 590, 591, 592, 593, 596, 601, 610, 613, 626, 629, 630, 631, 632, 639, 640, 642, 643, 644, 645, 646, 647, 648, 651, 652, 654, 656, 659, 662, 663, 666, 683, 684, 692, 695, 696, 697, 705, 706, 709, 712, 720, 727, 759, 761, 762, 765, 767, 783, 808, 809, 811, 813, 814, 815, 816, 817, 820, 834, 836, 838, 844, 845, 852, 854, 866, 867, 873, 874, 875, 876, 877, 879, 880, 883, 884, 887, 890, 899, 900, 902, 903, 904, 907, 908, 909, 910, 913, 914, 915, 918, 919, 920, 921, 927, 938, 941, 958, 970, 984, 986, 987, 990, 1004, 1026, 1070, 1071, 1073, 1075, 1076, 1077, 1078, 1079, 1082, 1097, 1099, 1100, 1101, 1102, 1103, 1106, 1110, 1111, 1113, 1122, 1123, 1137, 1138, 1140, 1143, 1145, 1146, 1147, 1148, 1151, 1152, 1153, 1154, 1156, 1157, 1159, 1161, 1164, 1175, 1178, 1194, 1207, 1221, 1223, 1224, 1227, 1242, 1291, 1292, 1294, 1296, 1297, 1298, 1299, 1300, 1303, 1318, 1320, 1321, 1322, 1323, 1324, 1326, 1334, 1335, 1346, 1348, 1364, 1365, 1366, 1373, 1374, 1376, 1377, 1378, 1379, 1380, 1381, 1382, 1385, 1386, 1389, 1390, 1393, 1394, 1395, 1396, 1399, 1400, 1401, 1402, 1403, 1404, 1405, 1406, 1407, 1410, 1411, 1412, 1413, 1414, 1415, 1416, 1417, 1418, 1421, 1422, 1423, 1424, 1425, 1426, 1427, 1428, 1429, 1432, 1443, 1446, 1463, 1477, 1491, 1493, 1494, 1497, 1512, 1537, 1538, 1540, 1542, 1543, 1544, 1545, 1546, 1549, 1550, 1551, 1553, 1554, 1555, 1556, 1557, 1558, 1559, 1560, 1563, 1578, 1580, 1581, 1582, 1585, 1593, 1594, 1596, 1604, 1605, 1615, 1628, 1629, 1631, 1636, 1639, 1640, 1643, 1661, 1677, 1691, 1693, 1694, 1697, 1712, 1763, 1764, 1766, 1768, 1769, 1770, 1771, 1772, 1775, 1792, 1795, 1796, 1797, 1798, 1799, 1802, 1808, 1809, 1811, 1820, 1821, 1834, 1850, 1851, 1852, 1859, 1860, 1862, 1863, 1864, 1865, 1866, 1867, 1868, 1873, 1876, 1877, 1878, 1881, 1900, 1916, 1930, 1932, 1933, 1936, 1951], "excluded_lines": [1050, 1271, 1743], "functions": {"speech_to_text": {"executed_lines": [], "summary": {"covered_lines": 0, "num_statements": 39, "percent_covered": 0.0, "percent_covered_display": "0", "missing_lines": 39, "excluded_lines": 0}, "missing_lines": [58, 59, 61, 63, 64, 65, 66, 67, 70, 71, 74, 90, 95, 96, 107, 122, 123, 124, 127, 128, 131, 141, 144, 145, 146, 148, 149, 151, 152, 155, 165, 168, 185, 201, 215, 217, 218, 221, 235], "excluded_lines": []}, "get_stt_languages": {"executed_lines": [], "summary": {"covered_lines": 0, "num_statements": 14, "percent_covered": 0.0, "percent_covered_display": "0", "missing_lines": 14, "excluded_lines": 0}, "missing_lines": [256, 258, 259, 260, 263, 264, 265, 266, 269, 287, 300, 302, 303, 305], "excluded_lines": []}, "translate_text": {"executed_lines": [], "summary": {"covered_lines": 0, "num_statements": 39, "percent_covered": 0.0, "percent_covered_display": "0", "missing_lines": 39, "excluded_lines": 0}, "missing_lines": [330, 331, 333, 335, 336, 337, 338, 339, 342, 357, 359, 368, 369, 371, 380, 381, 400, 420, 421, 422, 423, 430, 431, 433, 434, 435, 436, 437, 438, 439, 442, 445, 463, 487, 501, 503, 504, 507, 522], "excluded_lines": []}, "batch_translate": {"executed_lines": [], "summary": {"covered_lines": 0, "num_statements": 60, "percent_covered": 0.0, "percent_covered_display": "0", "missing_lines": 60, "excluded_lines": 0}, "missing_lines": [545, 546, 548, 550, 551, 552, 553, 554, 557, 572, 574, 579, 590, 591, 592, 593, 596, 601, 610, 613, 626, 629, 630, 631, 632, 639, 640, 642, 643, 644, 645, 646, 647, 648, 651, 652, 654, 656, 659, 662, 663, 666, 683, 684, 692, 695, 696, 697, 705, 706, 709, 712, 720, 727, 759, 761, 762, 765, 767, 783], "excluded_lines": []}, "detect_language": {"executed_lines": [], "summary": {"covered_lines": 0, "num_statements": 55, "percent_covered": 0.0, "percent_covered_display": "0", "missing_lines": 55, "excluded_lines": 0}, "missing_lines": [808, 809, 811, 813, 814, 815, 816, 817, 820, 834, 836, 838, 844, 845, 852, 854, 866, 867, 873, 874, 875, 876, 877, 879, 880, 883, 884, 887, 890, 899, 900, 902, 903, 904, 907, 908, 909, 910, 913, 914, 915, 918, 919, 920, 921, 927, 938, 941, 958, 970, 984, 986, 987, 990, 1004], "excluded_lines": []}, "detect_language_alias": {"executed_lines": [], "summary": {"covered_lines": 0, "num_statements": 1, "percent_covered": 0.0, "percent_covered_display": "0", "missing_lines": 1, "excluded_lines": 0}, "missing_lines": [1026], "excluded_lines": []}, "simplify_text": {"executed_lines": [], "summary": {"covered_lines": 0, "num_statements": 47, "percent_covered": 0.0, "percent_covered_display": "0", "missing_lines": 47, "excluded_lines": 0}, "missing_lines": [1070, 1071, 1073, 1075, 1076, 1077, 1078, 1079, 1082, 1097, 1099, 1100, 1101, 1102, 1103, 1106, 1110, 1111, 1113, 1122, 1123, 1137, 1138, 1140, 1143, 1145, 1146, 1147, 1148, 1151, 1152, 1153, 1154, 1156, 1157, 1159, 1161, 1164, 1175, 1178, 1194, 1207, 1221, 1223, 1224, 1227, 1242], "excluded_lines": []}, "anonymize_text": {"executed_lines": [], "summary": {"covered_lines": 0, "num_statements": 77, "percent_covered": 0.0, "percent_covered_display": "0", "missing_lines": 77, "excluded_lines": 0}, "missing_lines": [1291, 1292, 1294, 1296, 1297, 1298, 1299, 1300, 1303, 1318, 1320, 1321, 1322, 1323, 1324, 1326, 1334, 1335, 1346, 1348, 1364, 1365, 1366, 1373, 1374, 1376, 1377, 1378, 1379, 1380, 1381, 1382, 1385, 1386, 1389, 1390, 1393, 1394, 1395, 1396, 1399, 1400, 1401, 1402, 1403, 1404, 1405, 1406, 1407, 1410, 1411, 1412, 1413, 1414, 1415, 1416, 1417, 1418, 1421, 1422, 1423, 1424, 1425, 1426, 1427, 1428, 1429, 1432, 1443, 1446, 1463, 1477, 1491, 1493, 1494, 1497, 1512], "excluded_lines": []}, "analyze_text": {"executed_lines": [], "summary": {"covered_lines": 0, "num_statements": 45, "percent_covered": 0.0, "percent_covered_display": "0", "missing_lines": 45, "excluded_lines": 0}, "missing_lines": [1537, 1538, 1540, 1542, 1543, 1544, 1545, 1546, 1549, 1550, 1551, 1553, 1554, 1555, 1556, 1557, 1558, 1559, 1560, 1563, 1578, 1580, 1581, 1582, 1585, 1593, 1594, 1596, 1604, 1605, 1615, 1628, 1629, 1631, 1636, 1639, 1640, 1643, 1661, 1677, 1691, 1693, 1694, 1697, 1712], "excluded_lines": []}, "summarize_text": {"executed_lines": [], "summary": {"covered_lines": 0, "num_statements": 46, "percent_covered": 0.0, "percent_covered_display": "0", "missing_lines": 46, "excluded_lines": 0}, "missing_lines": [1763, 1764, 1766, 1768, 1769, 1770, 1771, 1772, 1775, 1792, 1795, 1796, 1797, 1798, 1799, 1802, 1808, 1809, 1811, 1820, 1821, 1834, 1850, 1851, 1852, 1859, 1860, 1862, 1863, 1864, 1865, 1866, 1867, 1868, 1873, 1876, 1877, 1878, 1881, 1900, 1916, 1930, 1932, 1933, 1936, 1951], "excluded_lines": []}, "": {"executed_lines": [1, 6, 7, 8, 9, 10, 11, 13, 14, 16, 17, 18, 19, 20, 21, 22, 25, 28, 36, 43, 240, 247, 312, 319, 527, 534, 790, 797, 1010, 1017, 1030, 1031, 1032, 1033, 1034, 1035, 1036, 1038, 1039, 1040, 1041, 1042, 1043, 1044, 1045, 1046, 1047, 1049, 1050, 1052, 1059, 1249, 1250, 1251, 1252, 1253, 1254, 1255, 1256, 1258, 1259, 1260, 1261, 1262, 1263, 1264, 1265, 1266, 1267, 1268, 1270, 1271, 1273, 1280, 1519, 1526, 1719, 1720, 1721, 1722, 1723, 1724, 1725, 1726, 1728, 1729, 1730, 1731, 1732, 1733, 1734, 1735, 1736, 1737, 1738, 1739, 1740, 1742, 1743, 1745, 1752], "summary": {"covered_lines": 97, "num_statements": 97, "percent_covered": 100.0, "percent_covered_display": "100", "missing_lines": 0, "excluded_lines": 3}, "missing_lines": [], "excluded_lines": [1050, 1271, 1743]}}, "classes": {"SimplifyRequest": {"executed_lines": [], "summary": {"covered_lines": 0, "num_statements": 0, "percent_covered": 100.0, "percent_covered_display": "100", "missing_lines": 0, "excluded_lines": 0}, "missing_lines": [], "excluded_lines": []}, "SimplifyResult": {"executed_lines": [], "summary": {"covered_lines": 0, "num_statements": 0, "percent_covered": 100.0, "percent_covered_display": "100", "missing_lines": 0, "excluded_lines": 0}, "missing_lines": [], "excluded_lines": []}, "SimplifyResponse": {"executed_lines": [], "summary": {"covered_lines": 0, "num_statements": 0, "percent_covered": 100.0, "percent_covered_display": "100", "missing_lines": 0, "excluded_lines": 0}, "missing_lines": [], "excluded_lines": []}, "AnonymizeRequest": {"executed_lines": [], "summary": {"covered_lines": 0, "num_statements": 0, "percent_covered": 100.0, "percent_covered_display": "100", "missing_lines": 0, "excluded_lines": 0}, "missing_lines": [], "excluded_lines": []}, "AnonymizeResult": {"executed_lines": [], "summary": {"covered_lines": 0, "num_statements": 0, "percent_covered": 100.0, "percent_covered_display": "100", "missing_lines": 0, "excluded_lines": 0}, "missing_lines": [], "excluded_lines": []}, "AnonymizeResponse": {"executed_lines": [], "summary": {"covered_lines": 0, "num_statements": 0, "percent_covered": 100.0, "percent_covered_display": "100", "missing_lines": 0, "excluded_lines": 0}, "missing_lines": [], "excluded_lines": []}, "SummarizeRequest": {"executed_lines": [], "summary": {"covered_lines": 0, "num_statements": 0, "percent_covered": 100.0, "percent_covered_display": "100", "missing_lines": 0, "excluded_lines": 0}, "missing_lines": [], "excluded_lines": []}, "SummarizeResult": {"executed_lines": [], "summary": {"covered_lines": 0, "num_statements": 0, "percent_covered": 100.0, "percent_covered_display": "100", "missing_lines": 0, "excluded_lines": 0}, "missing_lines": [], "excluded_lines": []}, "SummarizeResponse": {"executed_lines": [], "summary": {"covered_lines": 0, "num_statements": 0, "percent_covered": 100.0, "percent_covered_display": "100", "missing_lines": 0, "excluded_lines": 0}, "missing_lines": [], "excluded_lines": []}, "": {"executed_lines": [1, 6, 7, 8, 9, 10, 11, 13, 14, 16, 17, 18, 19, 20, 21, 22, 25, 28, 36, 43, 240, 247, 312, 319, 527, 534, 790, 797, 1010, 1017, 1030, 1031, 1032, 1033, 1034, 1035, 1036, 1038, 1039, 1040, 1041, 1042, 1043, 1044, 1045, 1046, 1047, 1049, 1050, 1052, 1059, 1249, 1250, 1251, 1252, 1253, 1254, 1255, 1256, 1258, 1259, 1260, 1261, 1262, 1263, 1264, 1265, 1266, 1267, 1268, 1270, 1271, 1273, 1280, 1519, 1526, 1719, 1720, 1721, 1722, 1723, 1724, 1725, 1726, 1728, 1729, 1730, 1731, 1732, 1733, 1734, 1735, 1736, 1737, 1738, 1739, 1740, 1742, 1743, 1745, 1752], "summary": {"covered_lines": 97, "num_statements": 520, "percent_covered": 18.653846153846153, "percent_covered_display": "19", "missing_lines": 423, "excluded_lines": 3}, "missing_lines": [58, 59, 61, 63, 64, 65, 66, 67, 70, 71, 74, 90, 95, 96, 107, 122, 123, 124, 127, 128, 131, 141, 144, 145, 146, 148, 149, 151, 152, 155, 165, 168, 185, 201, 215, 217, 218, 221, 235, 256, 258, 259, 260, 263, 264, 265, 266, 269, 287, 300, 302, 303, 305, 330, 331, 333, 335, 336, 337, 338, 339, 342, 357, 359, 368, 369, 371, 380, 381, 400, 420, 421, 422, 423, 430, 431, 433, 434, 435, 436, 437, 438, 439, 442, 445, 463, 487, 501, 503, 504, 507, 522, 545, 546, 548, 550, 551, 552, 553, 554, 557, 572, 574, 579, 590, 591, 592, 593, 596, 601, 610, 613, 626, 629, 630, 631, 632, 639, 640, 642, 643, 644, 645, 646, 647, 648, 651, 652, 654, 656, 659, 662, 663, 666, 683, 684, 692, 695, 696, 697, 705, 706, 709, 712, 720, 727, 759, 761, 762, 765, 767, 783, 808, 809, 811, 813, 814, 815, 816, 817, 820, 834, 836, 838, 844, 845, 852, 854, 866, 867, 873, 874, 875, 876, 877, 879, 880, 883, 884, 887, 890, 899, 900, 902, 903, 904, 907, 908, 909, 910, 913, 914, 915, 918, 919, 920, 921, 927, 938, 941, 958, 970, 984, 986, 987, 990, 1004, 1026, 1070, 1071, 1073, 1075, 1076, 1077, 1078, 1079, 1082, 1097, 1099, 1100, 1101, 1102, 1103, 1106, 1110, 1111, 1113, 1122, 1123, 1137, 1138, 1140, 1143, 1145, 1146, 1147, 1148, 1151, 1152, 1153, 1154, 1156, 1157, 1159, 1161, 1164, 1175, 1178, 1194, 1207, 1221, 1223, 1224, 1227, 1242, 1291, 1292, 1294, 1296, 1297, 1298, 1299, 1300, 1303, 1318, 1320, 1321, 1322, 1323, 1324, 1326, 1334, 1335, 1346, 1348, 1364, 1365, 1366, 1373, 1374, 1376, 1377, 1378, 1379, 1380, 1381, 1382, 1385, 1386, 1389, 1390, 1393, 1394, 1395, 1396, 1399, 1400, 1401, 1402, 1403, 1404, 1405, 1406, 1407, 1410, 1411, 1412, 1413, 1414, 1415, 1416, 1417, 1418, 1421, 1422, 1423, 1424, 1425, 1426, 1427, 1428, 1429, 1432, 1443, 1446, 1463, 1477, 1491, 1493, 1494, 1497, 1512, 1537, 1538, 1540, 1542, 1543, 1544, 1545, 1546, 1549, 1550, 1551, 1553, 1554, 1555, 1556, 1557, 1558, 1559, 1560, 1563, 1578, 1580, 1581, 1582, 1585, 1593, 1594, 1596, 1604, 1605, 1615, 1628, 1629, 1631, 1636, 1639, 1640, 1643, 1661, 1677, 1691, 1693, 1694, 1697, 1712, 1763, 1764, 1766, 1768, 1769, 1770, 1771, 1772, 1775, 1792, 1795, 1796, 1797, 1798, 1799, 1802, 1808, 1809, 1811, 1820, 1821, 1834, 1850, 1851, 1852, 1859, 1860, 1862, 1863, 1864, 1865, 1866, 1867, 1868, 1873, 1876, 1877, 1878, 1881, 1900, 1916, 1930, 1932, 1933, 1936, 1951], "excluded_lines": [1050, 1271, 1743]}}}, "app/api/routes/rag.py": {"executed_lines": [1, 13, 14, 15, 16, 17, 19, 21, 22, 23, 24, 25, 26, 30, 32, 35, 38, 39, 40, 41, 42, 43, 44, 45, 46, 47, 49, 50, 51, 52, 53, 54, 55, 57, 58, 59, 60, 61, 62, 63, 64, 65, 67, 68, 69, 70, 71, 72, 74, 75, 76, 77, 78, 80, 81, 82, 83, 84, 85, 86, 87, 88, 89, 90, 92, 93, 94, 95, 96, 98, 99, 100, 101, 102, 103, 104, 105, 107, 108, 109, 110, 111, 113, 114, 115, 116, 117, 118, 120, 121, 122, 123, 124, 126, 127, 128, 129, 130, 131, 132, 133, 134, 135, 139, 146, 284, 291, 407, 414, 576, 577, 578, 579, 580, 582, 589, 677, 684, 760, 767, 826, 833, 905, 912], "summary": {"covered_lines": 114, "num_statements": 272, "percent_covered": 41.911764705882355, "percent_covered_display": "42", "missing_lines": 158, "excluded_lines": 0}, "missing_lines": [27, 28, 29, 156, 158, 160, 161, 162, 165, 166, 168, 169, 175, 176, 184, 193, 194, 195, 208, 227, 244, 258, 260, 261, 264, 279, 300, 302, 304, 305, 308, 310, 311, 317, 325, 339, 353, 368, 382, 384, 385, 388, 402, 424, 426, 428, 429, 432, 433, 434, 436, 437, 443, 444, 445, 448, 455, 458, 459, 466, 474, 475, 482, 489, 490, 491, 505, 519, 536, 550, 552, 553, 556, 571, 599, 601, 603, 606, 608, 609, 615, 618, 629, 641, 653, 667, 669, 670, 672, 693, 695, 697, 700, 702, 703, 709, 711, 712, 718, 719, 720, 723, 734, 748, 750, 751, 752, 753, 755, 775, 777, 779, 782, 784, 785, 791, 793, 794, 800, 814, 816, 817, 818, 819, 821, 842, 844, 846, 849, 851, 852, 858, 860, 861, 867, 877, 891, 893, 894, 895, 896, 898, 920, 922, 923, 924, 926, 927, 932, 934, 935, 936, 937, 946, 948, 962, 963, 964], "excluded_lines": [], "functions": {"get_user_dev_mode": {"executed_lines": [], "summary": {"covered_lines": 0, "num_statements": 3, "percent_covered": 0.0, "percent_covered_display": "0", "missing_lines": 3, "excluded_lines": 0}, "missing_lines": [27, 28, 29], "excluded_lines": []}, "rag_translate": {"executed_lines": [], "summary": {"covered_lines": 0, "num_statements": 23, "percent_covered": 0.0, "percent_covered_display": "0", "missing_lines": 23, "excluded_lines": 0}, "missing_lines": [156, 158, 160, 161, 162, 165, 166, 168, 169, 175, 176, 184, 193, 194, 195, 208, 227, 244, 258, 260, 261, 264, 279], "excluded_lines": []}, "rag_query": {"executed_lines": [], "summary": {"covered_lines": 0, "num_statements": 17, "percent_covered": 0.0, "percent_covered_display": "0", "missing_lines": 17, "excluded_lines": 0}, "missing_lines": [300, 302, 304, 305, 308, 310, 311, 317, 325, 339, 353, 368, 382, 384, 385, 388, 402], "excluded_lines": []}, "rag_chat": {"executed_lines": [], "summary": {"covered_lines": 0, "num_statements": 31, "percent_covered": 0.0, "percent_covered_display": "0", "missing_lines": 31, "excluded_lines": 0}, "missing_lines": [424, 426, 428, 429, 432, 433, 434, 436, 437, 443, 444, 445, 448, 455, 458, 459, 466, 474, 475, 482, 489, 490, 491, 505, 519, 536, 550, 552, 553, 556, 571], "excluded_lines": []}, "upload_document": {"executed_lines": [], "summary": {"covered_lines": 0, "num_statements": 15, "percent_covered": 0.0, "percent_covered_display": "0", "missing_lines": 15, "excluded_lines": 0}, "missing_lines": [599, 601, 603, 606, 608, 609, 615, 618, 629, 641, 653, 667, 669, 670, 672], "excluded_lines": []}, "get_document": {"executed_lines": [], "summary": {"covered_lines": 0, "num_statements": 20, "percent_covered": 0.0, "percent_covered_display": "0", "missing_lines": 20, "excluded_lines": 0}, "missing_lines": [693, 695, 697, 700, 702, 703, 709, 711, 712, 718, 719, 720, 723, 734, 748, 750, 751, 752, 753, 755], "excluded_lines": []}, "delete_document": {"executed_lines": [], "summary": {"covered_lines": 0, "num_statements": 16, "percent_covered": 0.0, "percent_covered_display": "0", "missing_lines": 16, "excluded_lines": 0}, "missing_lines": [775, 777, 779, 782, 784, 785, 791, 793, 794, 800, 814, 816, 817, 818, 819, 821], "excluded_lines": []}, "get_conversation": {"executed_lines": [], "summary": {"covered_lines": 0, "num_statements": 17, "percent_covered": 0.0, "percent_covered_display": "0", "missing_lines": 17, "excluded_lines": 0}, "missing_lines": [842, 844, 846, 849, 851, 852, 858, 860, 861, 867, 877, 891, 893, 894, 895, 896, 898], "excluded_lines": []}, "ingest_documents_from_config": {"executed_lines": [], "summary": {"covered_lines": 0, "num_statements": 16, "percent_covered": 0.0, "percent_covered_display": "0", "missing_lines": 16, "excluded_lines": 0}, "missing_lines": [920, 922, 923, 924, 926, 927, 932, 934, 935, 936, 937, 946, 948, 962, 963, 964], "excluded_lines": []}, "": {"executed_lines": [1, 13, 14, 15, 16, 17, 19, 21, 22, 23, 24, 25, 26, 30, 32, 35, 38, 39, 40, 41, 42, 43, 44, 45, 46, 47, 49, 50, 51, 52, 53, 54, 55, 57, 58, 59, 60, 61, 62, 63, 64, 65, 67, 68, 69, 70, 71, 72, 74, 75, 76, 77, 78, 80, 81, 82, 83, 84, 85, 86, 87, 88, 89, 90, 92, 93, 94, 95, 96, 98, 99, 100, 101, 102, 103, 104, 105, 107, 108, 109, 110, 111, 113, 114, 115, 116, 117, 118, 120, 121, 122, 123, 124, 126, 127, 128, 129, 130, 131, 132, 133, 134, 135, 139, 146, 284, 291, 407, 414, 576, 577, 578, 579, 580, 582, 589, 677, 684, 760, 767, 826, 833, 905, 912], "summary": {"covered_lines": 114, "num_statements": 114, "percent_covered": 100.0, "percent_covered_display": "100", "missing_lines": 0, "excluded_lines": 0}, "missing_lines": [], "excluded_lines": []}}, "classes": {"RagTranslationRequest": {"executed_lines": [], "summary": {"covered_lines": 0, "num_statements": 0, "percent_covered": 100.0, "percent_covered_display": "100", "missing_lines": 0, "excluded_lines": 0}, "missing_lines": [], "excluded_lines": []}, "RagQueryRequest": {"executed_lines": [], "summary": {"covered_lines": 0, "num_statements": 0, "percent_covered": 100.0, "percent_covered_display": "100", "missing_lines": 0, "excluded_lines": 0}, "missing_lines": [], "excluded_lines": []}, "RagDocumentResult": {"executed_lines": [], "summary": {"covered_lines": 0, "num_statements": 0, "percent_covered": 100.0, "percent_covered_display": "100", "missing_lines": 0, "excluded_lines": 0}, "missing_lines": [], "excluded_lines": []}, "RagQueryResponse": {"executed_lines": [], "summary": {"covered_lines": 0, "num_statements": 0, "percent_covered": 100.0, "percent_covered_display": "100", "missing_lines": 0, "excluded_lines": 0}, "missing_lines": [], "excluded_lines": []}, "RagTranslationResult": {"executed_lines": [], "summary": {"covered_lines": 0, "num_statements": 0, "percent_covered": 100.0, "percent_covered_display": "100", "missing_lines": 0, "excluded_lines": 0}, "missing_lines": [], "excluded_lines": []}, "RagChatRequest": {"executed_lines": [], "summary": {"covered_lines": 0, "num_statements": 0, "percent_covered": 100.0, "percent_covered_display": "100", "missing_lines": 0, "excluded_lines": 0}, "missing_lines": [], "excluded_lines": []}, "RagChatMessage": {"executed_lines": [], "summary": {"covered_lines": 0, "num_statements": 0, "percent_covered": 100.0, "percent_covered_display": "100", "missing_lines": 0, "excluded_lines": 0}, "missing_lines": [], "excluded_lines": []}, "RagChatResponse": {"executed_lines": [], "summary": {"covered_lines": 0, "num_statements": 0, "percent_covered": 100.0, "percent_covered_display": "100", "missing_lines": 0, "excluded_lines": 0}, "missing_lines": [], "excluded_lines": []}, "RagDocumentUploadResponse": {"executed_lines": [], "summary": {"covered_lines": 0, "num_statements": 0, "percent_covered": 100.0, "percent_covered_display": "100", "missing_lines": 0, "excluded_lines": 0}, "missing_lines": [], "excluded_lines": []}, "UploadDocumentInput": {"executed_lines": [], "summary": {"covered_lines": 0, "num_statements": 0, "percent_covered": 100.0, "percent_covered_display": "100", "missing_lines": 0, "excluded_lines": 0}, "missing_lines": [], "excluded_lines": []}, "": {"executed_lines": [1, 13, 14, 15, 16, 17, 19, 21, 22, 23, 24, 25, 26, 30, 32, 35, 38, 39, 40, 41, 42, 43, 44, 45, 46, 47, 49, 50, 51, 52, 53, 54, 55, 57, 58, 59, 60, 61, 62, 63, 64, 65, 67, 68, 69, 70, 71, 72, 74, 75, 76, 77, 78, 80, 81, 82, 83, 84, 85, 86, 87, 88, 89, 90, 92, 93, 94, 95, 96, 98, 99, 100, 101, 102, 103, 104, 105, 107, 108, 109, 110, 111, 113, 114, 115, 116, 117, 118, 120, 121, 122, 123, 124, 126, 127, 128, 129, 130, 131, 132, 133, 134, 135, 139, 146, 284, 291, 407, 414, 576, 577, 578, 579, 580, 582, 589, 677, 684, 760, 767, 826, 833, 905, 912], "summary": {"covered_lines": 114, "num_statements": 272, "percent_covered": 41.911764705882355, "percent_covered_display": "42", "missing_lines": 158, "excluded_lines": 0}, "missing_lines": [27, 28, 29, 156, 158, 160, 161, 162, 165, 166, 168, 169, 175, 176, 184, 193, 194, 195, 208, 227, 244, 258, 260, 261, 264, 279, 300, 302, 304, 305, 308, 310, 311, 317, 325, 339, 353, 368, 382, 384, 385, 388, 402, 424, 426, 428, 429, 432, 433, 434, 436, 437, 443, 444, 445, 448, 455, 458, 459, 466, 474, 475, 482, 489, 490, 491, 505, 519, 536, 550, 552, 553, 556, 571, 599, 601, 603, 606, 608, 609, 615, 618, 629, 641, 653, 667, 669, 670, 672, 693, 695, 697, 700, 702, 703, 709, 711, 712, 718, 719, 720, 723, 734, 748, 750, 751, 752, 753, 755, 775, 777, 779, 782, 784, 785, 791, 793, 794, 800, 814, 816, 817, 818, 819, 821, 842, 844, 846, 849, 851, 852, 858, 860, 861, 867, 877, 891, 893, 894, 895, 896, 898, 920, 922, 923, 924, 926, 927, 932, 934, 935, 936, 937, 946, 948, 962, 963, 964], "excluded_lines": []}}}, "app/api/routes/rag_documents.py": {"executed_lines": [1, 8, 9, 10, 11, 12, 14, 15, 16, 17, 18, 20, 23, 26, 28, 35, 238, 245], "summary": {"covered_lines": 17, "num_statements": 99, "percent_covered": 17.171717171717173, "percent_covered_display": "17", "missing_lines": 82, "excluded_lines": 0}, "missing_lines": [49, 50, 53, 54, 56, 58, 59, 60, 62, 63, 64, 66, 67, 70, 71, 74, 75, 76, 77, 78, 79, 81, 84, 99, 102, 105, 106, 121, 128, 130, 135, 143, 153, 160, 163, 180, 195, 196, 197, 204, 206, 208, 210, 211, 212, 215, 229, 235, 258, 259, 262, 263, 268, 270, 271, 272, 274, 275, 276, 278, 279, 282, 295, 296, 297, 316, 317, 318, 319, 338, 345, 346, 353, 362, 365, 380, 394, 396, 397, 398, 401, 415], "excluded_lines": [], "functions": {"index_document": {"executed_lines": [], "summary": {"covered_lines": 0, "num_statements": 48, "percent_covered": 0.0, "percent_covered_display": "0", "missing_lines": 48, "excluded_lines": 0}, "missing_lines": [49, 50, 53, 54, 56, 58, 59, 60, 62, 63, 64, 66, 67, 70, 71, 74, 75, 76, 77, 78, 79, 81, 84, 99, 102, 105, 106, 121, 128, 130, 135, 143, 153, 160, 163, 180, 195, 196, 197, 204, 206, 208, 210, 211, 212, 215, 229, 235], "excluded_lines": []}, "index_session_documents": {"executed_lines": [], "summary": {"covered_lines": 0, "num_statements": 34, "percent_covered": 0.0, "percent_covered_display": "0", "missing_lines": 34, "excluded_lines": 0}, "missing_lines": [258, 259, 262, 263, 268, 270, 271, 272, 274, 275, 276, 278, 279, 282, 295, 296, 297, 316, 317, 318, 319, 338, 345, 346, 353, 362, 365, 380, 394, 396, 397, 398, 401, 415], "excluded_lines": []}, "": {"executed_lines": [1, 8, 9, 10, 11, 12, 14, 15, 16, 17, 18, 20, 23, 26, 28, 35, 238, 245], "summary": {"covered_lines": 17, "num_statements": 17, "percent_covered": 100.0, "percent_covered_display": "100", "missing_lines": 0, "excluded_lines": 0}, "missing_lines": [], "excluded_lines": []}}, "classes": {"": {"executed_lines": [1, 8, 9, 10, 11, 12, 14, 15, 16, 17, 18, 20, 23, 26, 28, 35, 238, 245], "summary": {"covered_lines": 17, "num_statements": 99, "percent_covered": 17.171717171717173, "percent_covered_display": "17", "missing_lines": 82, "excluded_lines": 0}, "missing_lines": [49, 50, 53, 54, 56, 58, 59, 60, 62, 63, 64, 66, 67, 70, 71, 74, 75, 76, 77, 78, 79, 81, 84, 99, 102, 105, 106, 121, 128, 130, 135, 143, 153, 160, 163, 180, 195, 196, 197, 204, 206, 208, 210, 211, 212, 215, 229, 235, 258, 259, 262, 263, 268, 270, 271, 272, 274, 275, 276, 278, 279, 282, 295, 296, 297, 316, 317, 318, 319, 338, 345, 346, 353, 362, 365, 380, 394, 396, 397, 398, 401, 415], "excluded_lines": []}}}, "app/api/routes/rag_sources.py": {"executed_lines": [1, 8, 9, 10, 11, 12, 13, 14, 16, 22, 23, 24, 25, 26, 28, 31, 34, 35, 38, 39, 42, 121, 161, 167, 205, 211, 243, 250, 321, 327, 412, 418, 453, 459, 522, 528, 588], "summary": {"covered_lines": 36, "num_statements": 221, "percent_covered": 16.289592760180994, "percent_covered_display": "16", "missing_lines": 185, "excluded_lines": 0}, "missing_lines": [51, 52, 54, 55, 56, 57, 60, 61, 64, 65, 66, 77, 78, 80, 81, 84, 85, 86, 87, 88, 90, 91, 92, 93, 94, 96, 97, 98, 99, 100, 103, 104, 105, 106, 107, 109, 111, 112, 113, 115, 116, 117, 118, 130, 132, 133, 134, 137, 138, 139, 140, 141, 142, 144, 147, 150, 151, 153, 154, 156, 157, 158, 179, 182, 184, 185, 187, 188, 191, 193, 220, 223, 224, 229, 231, 262, 265, 266, 267, 273, 276, 277, 291, 294, 297, 299, 300, 303, 309, 337, 340, 341, 347, 350, 353, 354, 356, 357, 358, 361, 363, 365, 366, 368, 369, 370, 373, 375, 377, 378, 380, 381, 382, 385, 387, 390, 391, 392, 395, 398, 400, 427, 430, 431, 437, 440, 442, 472, 475, 476, 481, 484, 485, 491, 492, 493, 496, 503, 510, 540, 543, 550, 551, 562, 563, 564, 567, 570, 571, 577, 602, 605, 606, 607, 609, 611, 613, 614, 616, 617, 618, 619, 620, 623, 629, 632, 634, 635, 636, 638, 639, 640, 643, 646, 649, 650, 651, 652, 653, 654, 656, 658, 659, 662, 664], "excluded_lines": [], "functions": {"_load_sources": {"executed_lines": [], "summary": {"covered_lines": 0, "num_statements": 43, "percent_covered": 0.0, "percent_covered_display": "0", "missing_lines": 43, "excluded_lines": 0}, "missing_lines": [51, 52, 54, 55, 56, 57, 60, 61, 64, 65, 66, 77, 78, 80, 81, 84, 85, 86, 87, 88, 90, 91, 92, 93, 94, 96, 97, 98, 99, 100, 103, 104, 105, 106, 107, 109, 111, 112, 113, 115, 116, 117, 118], "excluded_lines": []}, "_save_sources": {"executed_lines": [], "summary": {"covered_lines": 0, "num_statements": 19, "percent_covered": 0.0, "percent_covered_display": "0", "missing_lines": 19, "excluded_lines": 0}, "missing_lines": [130, 132, 133, 134, 137, 138, 139, 140, 141, 142, 144, 147, 150, 151, 153, 154, 156, 157, 158], "excluded_lines": []}, "list_sources": {"executed_lines": [], "summary": {"covered_lines": 0, "num_statements": 8, "percent_covered": 0.0, "percent_covered_display": "0", "missing_lines": 8, "excluded_lines": 0}, "missing_lines": [179, 182, 184, 185, 187, 188, 191, 193], "excluded_lines": []}, "get_source": {"executed_lines": [], "summary": {"covered_lines": 0, "num_statements": 5, "percent_covered": 0.0, "percent_covered_display": "0", "missing_lines": 5, "excluded_lines": 0}, "missing_lines": [220, 223, 224, 229, 231], "excluded_lines": []}, "add_source": {"executed_lines": [], "summary": {"covered_lines": 0, "num_statements": 14, "percent_covered": 0.0, "percent_covered_display": "0", "missing_lines": 14, "excluded_lines": 0}, "missing_lines": [262, 265, 266, 267, 273, 276, 277, 291, 294, 297, 299, 300, 303, 309], "excluded_lines": []}, "update_source": {"executed_lines": [], "summary": {"covered_lines": 0, "num_statements": 32, "percent_covered": 0.0, "percent_covered_display": "0", "missing_lines": 32, "excluded_lines": 0}, "missing_lines": [337, 340, 341, 347, 350, 353, 354, 356, 357, 358, 361, 363, 365, 366, 368, 369, 370, 373, 375, 377, 378, 380, 381, 382, 385, 387, 390, 391, 392, 395, 398, 400], "excluded_lines": []}, "delete_source": {"executed_lines": [], "summary": {"covered_lines": 0, "num_statements": 6, "percent_covered": 0.0, "percent_covered_display": "0", "missing_lines": 6, "excluded_lines": 0}, "missing_lines": [427, 430, 431, 437, 440, 442], "excluded_lines": []}, "process_source": {"executed_lines": [], "summary": {"covered_lines": 0, "num_statements": 12, "percent_covered": 0.0, "percent_covered_display": "0", "missing_lines": 12, "excluded_lines": 0}, "missing_lines": [472, 475, 476, 481, 484, 485, 491, 492, 493, 496, 503, 510], "excluded_lines": []}, "process_all_sources": {"executed_lines": [], "summary": {"covered_lines": 0, "num_statements": 11, "percent_covered": 0.0, "percent_covered_display": "0", "missing_lines": 11, "excluded_lines": 0}, "missing_lines": [540, 543, 550, 551, 562, 563, 564, 567, 570, 571, 577], "excluded_lines": []}, "_process_source_task": {"executed_lines": [], "summary": {"covered_lines": 0, "num_statements": 35, "percent_covered": 0.0, "percent_covered_display": "0", "missing_lines": 35, "excluded_lines": 0}, "missing_lines": [602, 605, 606, 607, 609, 611, 613, 614, 616, 617, 618, 619, 620, 623, 629, 632, 634, 635, 636, 638, 639, 640, 643, 646, 649, 650, 651, 652, 653, 654, 656, 658, 659, 662, 664], "excluded_lines": []}, "": {"executed_lines": [1, 8, 9, 10, 11, 12, 13, 14, 16, 22, 23, 24, 25, 26, 28, 31, 34, 35, 38, 39, 42, 121, 161, 167, 205, 211, 243, 250, 321, 327, 412, 418, 453, 459, 522, 528, 588], "summary": {"covered_lines": 36, "num_statements": 36, "percent_covered": 100.0, "percent_covered_display": "100", "missing_lines": 0, "excluded_lines": 0}, "missing_lines": [], "excluded_lines": []}}, "classes": {"": {"executed_lines": [1, 8, 9, 10, 11, 12, 13, 14, 16, 22, 23, 24, 25, 26, 28, 31, 34, 35, 38, 39, 42, 121, 161, 167, 205, 211, 243, 250, 321, 327, 412, 418, 453, 459, 522, 528, 588], "summary": {"covered_lines": 36, "num_statements": 221, "percent_covered": 16.289592760180994, "percent_covered_display": "16", "missing_lines": 185, "excluded_lines": 0}, "missing_lines": [51, 52, 54, 55, 56, 57, 60, 61, 64, 65, 66, 77, 78, 80, 81, 84, 85, 86, 87, 88, 90, 91, 92, 93, 94, 96, 97, 98, 99, 100, 103, 104, 105, 106, 107, 109, 111, 112, 113, 115, 116, 117, 118, 130, 132, 133, 134, 137, 138, 139, 140, 141, 142, 144, 147, 150, 151, 153, 154, 156, 157, 158, 179, 182, 184, 185, 187, 188, 191, 193, 220, 223, 224, 229, 231, 262, 265, 266, 267, 273, 276, 277, 291, 294, 297, 299, 300, 303, 309, 337, 340, 341, 347, 350, 353, 354, 356, 357, 358, 361, 363, 365, 366, 368, 369, 370, 373, 375, 377, 378, 380, 381, 382, 385, 387, 390, 391, 392, 395, 398, 400, 427, 430, 431, 437, 440, 442, 472, 475, 476, 481, 484, 485, 491, 492, 493, 496, 503, 510, 540, 543, 550, 551, 562, 563, 564, 567, 570, 571, 577, 602, 605, 606, 607, 609, 611, 613, 614, 616, 617, 618, 619, 620, 623, 629, 632, 634, 635, 636, 638, 639, 640, 643, 646, 649, 650, 651, 652, 653, 654, 656, 658, 659, 662, 664], "excluded_lines": []}}}, "app/api/routes/streaming.py": {"executed_lines": [1, 6, 7, 8, 9, 10, 11, 12, 14, 15, 16, 18, 19, 20, 21, 22, 25, 28, 34, 137, 142, 172, 260, 265], "summary": {"covered_lines": 23, "num_statements": 100, "percent_covered": 23.0, "percent_covered_display": "23", "missing_lines": 77, "excluded_lines": 0}, "missing_lines": [39, 42, 45, 46, 48, 49, 50, 52, 60, 61, 64, 65, 66, 68, 69, 70, 71, 72, 73, 75, 77, 78, 81, 82, 84,
[...]
lines": []}}, "classes": {"ErrorCategory": {"executed_lines": [], "summary": {"covered_lines": 0, "num_statements": 0, "percent_covered": 100.0, "percent_covered_display": "100", "missing_lines": 0, "excluded_lines": 0}, "missing_lines": [], "excluded_lines": []}, "ErrorResponse": {"executed_lines": [], "summary": {"covered_lines": 0, "num_statements": 0, "percent_covered": 100.0, "percent_covered_display": "100", "missing_lines": 0, "excluded_lines": 0}, "missing_lines": [], "excluded_lines": []}, "ErrorResponse.Config": {"executed_lines": [], "summary": {"covered_lines": 0, "num_statements": 0, "percent_covered": 100.0, "percent_covered_display": "100", "missing_lines": 0, "excluded_lines": 0}, "missing_lines": [], "excluded_lines": []}, "APIError": {"executed_lines": [], "summary": {"covered_lines": 0, "num_statements": 8, "percent_covered": 0.0, "percent_covered_display": "0", "missing_lines": 8, "excluded_lines": 0}, "missing_lines": [74, 75, 76, 77, 78, 79, 80, 84], "excluded_lines": []}, "AuthenticationError": {"executed_lines": [], "summary": {"covered_lines": 0, "num_statements": 1, "percent_covered": 0.0, "percent_covered_display": "0", "missing_lines": 1, "excluded_lines": 0}, "missing_lines": [103], "excluded_lines": []}, "AuthorizationError": {"executed_lines": [], "summary": {"covered_lines": 0, "num_statements": 1, "percent_covered": 0.0, "percent_covered_display": "0", "missing_lines": 1, "excluded_lines": 0}, "missing_lines": [121], "excluded_lines": []}, "ValidationError": {"executed_lines": [], "summary": {"covered_lines": 0, "num_statements": 1, "percent_covered": 0.0, "percent_covered_display": "0", "missing_lines": 1, "excluded_lines": 0}, "missing_lines": [139], "excluded_lines": []}, "ResourceNotFoundError": {"executed_lines": [], "summary": {"covered_lines": 0, "num_statements": 1, "percent_covered": 0.0, "percent_covered_display": "0", "missing_lines": 1, "excluded_lines": 0}, "missing_lines": [157], "excluded_lines": []}, "ResourceConflictError": {"executed_lines": [], "summary": {"covered_lines": 0, "num_statements": 1, "percent_covered": 0.0, "percent_covered_display": "0", "missing_lines": 1, "excluded_lines": 0}, "missing_lines": [175], "excluded_lines": []}, "RateLimitError": {"executed_lines": [], "summary": {"covered_lines": 0, "num_statements": 1, "percent_covered": 0.0, "percent_covered_display": "0", "missing_lines": 1, "excluded_lines": 0}, "missing_lines": [193], "excluded_lines": []}, "ServiceUnavailableError": {"executed_lines": [], "summary": {"covered_lines": 0, "num_statements": 1, "percent_covered": 0.0, "percent_covered_display": "0", "missing_lines": 1, "excluded_lines": 0}, "missing_lines": [211], "excluded_lines": []}, "ModelError": {"executed_lines": [], "summary": {"covered_lines": 0, "num_statements": 1, "percent_covered": 0.0, "percent_covered_display": "0", "missing_lines": 1, "excluded_lines": 0}, "missing_lines": [229], "excluded_lines": []}, "TranslationError": {"executed_lines": [], "summary": {"covered_lines": 0, "num_statements": 1, "percent_covered": 0.0, "percent_covered_display": "0", "missing_lines": 1, "excluded_lines": 0}, "missing_lines": [247], "excluded_lines": []}, "TimeoutError": {"executed_lines": [], "summary": {"covered_lines": 0, "num_statements": 1, "percent_covered": 0.0, "percent_covered_display": "0", "missing_lines": 1, "excluded_lines": 0}, "missing_lines": [265], "excluded_lines": []}, "": {"executed_lines": [1, 6, 7, 8, 9, 10, 11, 12, 13, 15, 16, 18, 21, 23, 24, 25, 26, 27, 28, 29, 30, 31, 32, 33, 34, 35, 36, 37, 38, 40, 41, 42, 43, 44, 45, 46, 47, 48, 50, 51, 63, 64, 65, 82, 94, 95, 96, 112, 113, 114, 130, 131, 132, 148, 149, 150, 166, 167, 168, 184, 185, 186, 202, 203, 204, 220, 221, 222, 238, 239, 240, 256, 257, 258, 275], "summary": {"covered_lines": 61, "num_statements": 92, "percent_covered": 66.30434782608695, "percent_covered_display": "66", "missing_lines": 31, "excluded_lines": 0}, "missing_lines": [290, 292, 293, 294, 295, 296, 299, 300, 301, 302, 304, 305, 307, 308, 310, 311, 312, 314, 315, 318, 330, 334, 336, 337, 338, 342, 345, 354, 363, 368, 370], "excluded_lines": []}}}, "app/utils/helpers.py": {"executed_lines": [2, 7, 17, 18, 19, 20, 21, 22, 23, 24, 25, 26, 27, 28, 29, 30, 31, 32, 33, 36, 40, 43, 44, 53, 97, 124, 146, 165, 185, 220, 245, 263, 288, 311, 331, 354, 373, 397, 414, 448, 464, 493, 494, 496, 507, 512, 518, 532, 556, 599, 648, 685, 719, 748, 764, 792], "summary": {"covered_lines": 53, "num_statements": 259, "percent_covered": 20.463320463320464, "percent_covered_display": "20", "missing_lines": 206, "excluded_lines": 14}, "missing_lines": [45, 46, 64, 73, 74, 77, 78, 80, 81, 83, 84, 85, 86, 89, 91, 92, 94, 110, 113, 114, 117, 118, 121, 135, 137, 138, 139, 141, 142, 143, 157, 159, 160, 162, 177, 178, 181, 182, 198, 201, 204, 205, 208, 209, 210, 211, 214, 217, 231, 238, 255, 256, 257, 258, 259, 260, 275, 276, 277, 278, 280, 281, 282, 283, 284, 285, 300, 301, 302, 305, 306, 308, 321, 322, 323, 324, 325, 326, 327, 328, 343, 344, 348, 349, 350, 351, 365, 366, 384, 385, 387, 388, 389, 391, 392, 394, 408, 409, 411, 430, 431, 434, 435, 436, 437, 439, 440, 441, 444, 445, 458, 460, 461, 475, 478, 479, 481, 482, 483, 484, 485, 486, 503, 504, 505, 509, 510, 514, 515, 516, 525, 526, 528, 529, 542, 543, 544, 545, 546, 547, 549, 568, 570, 571, 574, 577, 580, 581, 584, 591, 592, 593, 594, 596, 613, 634, 635, 636, 639, 640, 641, 642, 643, 645, 663, 665, 666, 667, 668, 669, 670, 671, 672, 673, 674, 675, 676, 677, 678, 679, 682, 695, 716, 730, 731, 734, 735, 736, 737, 738, 739, 740, 741, 742, 743, 745, 756, 759, 761, 775, 776, 779, 782, 785, 786, 788], "excluded_lines": [792, 794, 797, 798, 801, 802, 805, 806, 809, 811, 814, 815, 818, 819], "functions": {"detect_language": {"executed_lines": [], "summary": {"covered_lines": 0, "num_statements": 15, "percent_covered": 0.0, "percent_covered_display": "0", "missing_lines": 15, "excluded_lines": 0}, "missing_lines": [64, 73, 74, 77, 78, 80, 81, 83, 84, 85, 86, 89, 91, 92, 94], "excluded_lines": []}, "normalize_text": {"executed_lines": [], "summary": {"covered_lines": 0, "num_statements": 6, "percent_covered": 0.0, "percent_covered_display": "0", "missing_lines": 6, "excluded_lines": 0}, "missing_lines": [110, 113, 114, 117, 118, 121], "excluded_lines": []}, "split_into_sentences": {"executed_lines": [], "summary": {"covered_lines": 0, "num_statements": 7, "percent_covered": 0.0, "percent_covered_display": "0", "missing_lines": 7, "excluded_lines": 0}, "missing_lines": [135, 137, 138, 139, 141, 142, 143], "excluded_lines": []}, "tokenize_text": {"executed_lines": [], "summary": {"covered_lines": 0, "num_statements": 4, "percent_covered": 0.0, "percent_covered_display": "0", "missing_lines": 4, "excluded_lines": 0}, "missing_lines": [157, 159, 160, 162], "excluded_lines": []}, "calculate_text_similarity": {"executed_lines": [], "summary": {"covered_lines": 0, "num_statements": 4, "percent_covered": 0.0, "percent_covered_display": "0", "missing_lines": 4, "excluded_lines": 0}, "missing_lines": [177, 178, 181, 182], "excluded_lines": []}, "extract_keywords": {"executed_lines": [], "summary": {"covered_lines": 0, "num_statements": 10, "percent_covered": 0.0, "percent_covered_display": "0", "missing_lines": 10, "excluded_lines": 0}, "missing_lines": [198, 201, 204, 205, 208, 209, 210, 211, 214, 217], "excluded_lines": []}, "get_stopwords": {"executed_lines": [], "summary": {"covered_lines": 0, "num_statements": 2, "percent_covered": 0.0, "percent_covered_display": "0", "missing_lines": 2, "excluded_lines": 0}, "missing_lines": [231, 238], "excluded_lines": []}, "read_json_file": {"executed_lines": [], "summary": {"covered_lines": 0, "num_statements": 6, "percent_covered": 0.0, "percent_covered_display": "0", "missing_lines": 6, "excluded_lines": 0}, "missing_lines": [255, 256, 257, 258, 259, 260], "excluded_lines": []}, "write_json_file": {"executed_lines": [], "summary": {"covered_lines": 0, "num_statements": 10, "percent_covered": 0.0, "percent_covered_display": "0", "missing_lines": 10, "excluded_lines": 0}, "missing_lines": [275, 276, 277, 278, 280, 281, 282, 283, 284, 285], "excluded_lines": []}, "create_unique_id": {"executed_lines": [], "summary": {"covered_lines": 0, "num_statements": 6, "percent_covered": 0.0, "percent_covered_display": "0", "missing_lines": 6, "excluded_lines": 0}, "missing_lines": [300, 301, 302, 305, 306, 308], "excluded_lines": []}, "load_embeddings_from_file": {"executed_lines": [], "summary": {"covered_lines": 0, "num_statements": 8, "percent_covered": 0.0, "percent_covered_display": "0", "missing_lines": 8, "excluded_lines": 0}, "missing_lines": [321, 322, 323, 324, 325, 326, 327, 328], "excluded_lines": []}, "save_embeddings_to_file": {"executed_lines": [], "summary": {"covered_lines": 0, "num_statements": 6, "percent_covered": 0.0, "percent_covered_display": "0", "missing_lines": 6, "excluded_lines": 0}, "missing_lines": [343, 344, 348, 349, 350, 351], "excluded_lines": []}, "batch_generator": {"executed_lines": [], "summary": {"covered_lines": 0, "num_statements": 2, "percent_covered": 0.0, "percent_covered_display": "0", "missing_lines": 2, "excluded_lines": 0}, "missing_lines": [365, 366], "excluded_lines": []}, "cosine_similarity": {"executed_lines": [], "summary": {"covered_lines": 0, "num_statements": 8, "percent_covered": 0.0, "percent_covered_display": "0", "missing_lines": 8, "excluded_lines": 0}, "missing_lines": [384, 385, 387, 388, 389, 391, 392, 394], "excluded_lines": []}, "euclidean_distance": {"executed_lines": [], "summary": {"covered_lines": 0, "num_statements": 3, "percent_covered": 0.0, "percent_covered_display": "0", "missing_lines": 3, "excluded_lines": 0}, "missing_lines": [408, 409, 411], "excluded_lines": []}, "find_nearest_neighbors": {"executed_lines": [], "summary": {"covered_lines": 0, "num_statements": 11, "percent_covered": 0.0, "percent_covered_display": "0", "missing_lines": 11, "excluded_lines": 0}, "missing_lines": [430, 431, 434, 435, 436, 437, 439, 440, 441, 444, 445], "excluded_lines": []}, "normalize_vectors": {"executed_lines": [], "summary": {"covered_lines": 0, "num_statements": 3, "percent_covered": 0.0, "percent_covered_display": "0", "missing_lines": 3, "excluded_lines": 0}, "missing_lines": [458, 460, 461], "excluded_lines": []}, "reduce_dimensions": {"executed_lines": [], "summary": {"covered_lines": 0, "num_statements": 9, "percent_covered": 0.0, "percent_covered_display": "0", "missing_lines": 9, "excluded_lines": 0}, "missing_lines": [475, 478, 479, 481, 482, 483, 484, 485, 486], "excluded_lines": []}, "Timer.__init__": {"executed_lines": [], "summary": {"covered_lines": 0, "num_statements": 3, "percent_covered": 0.0, "percent_covered_display": "0", "missing_lines": 3, "excluded_lines": 0}, "missing_lines": [503, 504, 505], "excluded_lines": []}, "Timer.__enter__": {"executed_lines": [], "summary": {"covered_lines": 0, "num_statements": 2, "percent_covered": 0.0, "percent_covered_display": "0", "missing_lines": 2, "excluded_lines": 0}, "missing_lines": [509, 510], "excluded_lines": []}, "Timer.__exit__": {"executed_lines": [], "summary": {"covered_lines": 0, "num_statements": 3, "percent_covered": 0.0, "percent_covered_display": "0", "missing_lines": 3, "excluded_lines": 0}, "missing_lines": [514, 515, 516], "excluded_lines": []}, "Timer.elapsed": {"executed_lines": [], "summary": {"covered_lines": 0, "num_statements": 4, "percent_covered": 0.0, "percent_covered_display": "0", "missing_lines": 4, "excluded_lines": 0}, "missing_lines": [525, 526, 528, 529], "excluded_lines": []}, "profile_function": {"executed_lines": [], "summary": {"covered_lines": 0, "num_statements": 2, "percent_covered": 0.0, "percent_covered_display": "0", "missing_lines": 2, "excluded_lines": 0}, "missing_lines": [542, 549], "excluded_lines": []}, "profile_function.wrapper": {"executed_lines": [], "summary": {"covered_lines": 0, "num_statements": 5, "percent_covered": 0.0, "percent_covered_display": "0", "missing_lines": 5, "excluded_lines": 0}, "missing_lines": [543, 544, 545, 546, 547], "excluded_lines": []}, "detect_difficulty_level": {"executed_lines": [], "summary": {"covered_lines": 0, "num_statements": 13, "percent_covered": 0.0, "percent_covered_display": "0", "missing_lines": 13, "excluded_lines": 0}, "missing_lines": [568, 570, 571, 574, 577, 580, 581, 584, 591, 592, 593, 594, 596], "excluded_lines": []}, "get_cognates": {"executed_lines": [], "summary": {"covered_lines": 0, "num_statements": 10, "percent_covered": 0.0, "percent_covered_display": "0", "missing_lines": 10, "excluded_lines": 0}, "missing_lines": [613, 634, 635, 636, 639, 640, 641, 642, 643, 645], "excluded_lines": []}, "conjugate_verb": {"executed_lines": [], "summary": {"covered_lines": 0, "num_statements": 17, "percent_covered": 0.0, "percent_covered_display": "0", "missing_lines": 17, "excluded_lines": 0}, "missing_lines": [663, 665, 666, 667, 668, 669, 670, 671, 672, 673, 674, 675, 676, 677, 678, 679, 682], "excluded_lines": []}, "get_language_name": {"executed_lines": [], "summary": {"covered_lines": 0, "num_statements": 2, "percent_covered": 0.0, "percent_covered_display": "0", "missing_lines": 2, "excluded_lines": 0}, "missing_lines": [695, 716], "excluded_lines": []}, "get_spaced_repetition_interval": {"executed_lines": [], "summary": {"covered_lines": 0, "num_statements": 13, "percent_covered": 0.0, "percent_covered_display": "0", "missing_lines": 13, "excluded_lines": 0}, "missing_lines": [730, 731, 734, 735, 736, 737, 738, 739, 740, 741, 742, 743, 745], "excluded_lines": []}, "generate_session_token": {"executed_lines": [], "summary": {"covered_lines": 0, "num_statements": 3, "percent_covered": 0.0, "percent_covered_display": "0", "missing_lines": 3, "excluded_lines": 0}, "missing_lines": [756, 759, 761], "excluded_lines": []}, "sanitize_filename": {"executed_lines": [], "summary": {"covered_lines": 0, "num_statements": 7, "percent_covered": 0.0, "percent_covered_display": "0", "missing_lines": 7, "excluded_lines": 0}, "missing_lines": [775, 776, 779, 782, 785, 786, 788], "excluded_lines": []}, "": {"executed_lines": [2, 7, 17, 18, 19, 20, 21, 22, 23, 24, 25, 26, 27, 28, 29, 30, 31, 32, 33, 36, 40, 43, 44, 53, 97, 124, 146, 165, 185, 220, 245, 263, 288, 311, 331, 354, 373, 397, 414, 448, 464, 493, 494, 496, 507, 512, 518, 532, 556, 599, 648, 685, 719, 748, 764, 792], "summary": {"covered_lines": 53, "num_statements": 55, "percent_covered": 96.36363636363636, "percent_covered_display": "96", "missing_lines": 2, "excluded_lines": 14}, "missing_lines": [45, 46], "excluded_lines": [792, 794, 797, 798, 801, 802, 805, 806, 809, 811, 814, 815, 818, 819]}}, "classes": {"Timer": {"executed_lines": [], "summary": {"covered_lines": 0, "num_statements": 12, "percent_covered": 0.0, "percent_covered_display": "0", "missing_lines": 12, "excluded_lines": 0}, "missing_lines": [503, 504, 505, 509, 510, 514, 515, 516, 525, 526, 528, 529], "excluded_lines": []}, "": {"executed_lines": [2, 7, 17, 18, 19, 20, 21, 22, 23, 24, 25, 26, 27, 28, 29, 30, 31, 32, 33, 36, 40, 43, 44, 53, 97, 124, 146, 165, 185, 220, 245, 263, 288, 311, 331, 354, 373, 397, 414, 448, 464, 493, 494, 496, 507, 512, 518, 532, 556, 599, 648, 685, 719, 748, 764, 792], "summary": {"covered_lines": 53, "num_statements": 247, "percent_covered": 21.45748987854251, "percent_covered_display": "21", "missing_lines": 194, "excluded_lines": 14}, "missing_lines": [45, 46, 64, 73, 74, 77, 78, 80, 81, 83, 84, 85, 86, 89, 91, 92, 94, 110, 113, 114, 117, 118, 121, 135, 137, 138, 139, 141, 142, 143, 157, 159, 160, 162, 177, 178, 181, 182, 198, 201, 204, 205, 208, 209, 210, 211, 214, 217, 231, 238, 255, 256, 257, 258, 259, 260, 275, 276, 277, 278, 280, 281, 282, 283, 284, 285, 300, 301, 302, 305, 306, 308, 321, 322, 323, 324, 325, 326, 327, 328, 343, 344, 348, 349, 350, 351, 365, 366, 384, 385, 387, 388, 389, 391, 392, 394, 408, 409, 411, 430, 431, 434, 435, 436, 437, 439, 440, 441, 444, 445, 458, 460, 461, 475, 478, 479, 481, 482, 483, 484, 485, 486, 542, 543, 544, 545, 546, 547, 549, 568, 570, 571, 574, 577, 580, 581, 584, 591, 592, 593, 594, 596, 613, 634, 635, 636, 639, 640, 641, 642, 643, 645, 663, 665, 666, 667, 668, 669, 670, 671, 672, 673, 674, 675, 676, 677, 678, 679, 682, 695, 716, 730, 731, 734, 735, 736, 737, 738, 739, 740, 741, 742, 743, 745, 756, 759, 761, 775, 776, 779, 782, 785, 786, 788], "excluded_lines": [792, 794, 797, 798, 801, 802, 805, 806, 809, 811, 814, 815, 818, 819]}}}, "app/utils/logging.py": {"executed_lines": [2, 9, 10, 11, 12, 13, 14, 15, 16, 18, 19, 21, 22, 25, 35, 36, 43, 83, 167, 177], "summary": {"covered_lines": 17, "num_statements": 82, "percent_covered": 20.73170731707317, "percent_covered_display": "21", "missing_lines": 65, "excluded_lines": 0}, "missing_lines": [26, 28, 29, 31, 32, 46, 47, 50, 63, 64, 67, 68, 69, 72, 73, 74, 75, 76, 77, 78, 79, 81, 94, 95, 96, 97, 98, 100, 101, 104, 105, 106, 107, 110, 111, 114, 115, 118, 121, 122, 123, 124, 125, 126, 129, 130, 133, 134, 135, 138, 139, 142, 143, 144, 149, 150, 152, 155, 156, 157, 158, 161, 162, 164, 165], "excluded_lines": [], "functions": {"ConfigFilter.filter": {"executed_lines": [], "summary": {"covered_lines": 0, "num_statements": 5, "percent_covered": 0.0, "percent_covered_display": "0", "missing_lines": 5, "excluded_lines": 0}, "missing_lines": [26, 28, 29, 31, 32], "excluded_lines": []}, "JSONFormatter.format": {"executed_lines": [], "summary": {"covered_lines": 0, "num_statements": 17, "percent_covered": 0.0, "percent_covered_display": "0", "missing_lines": 17, "excluded_lines": 0}, "missing_lines": [46, 47, 50, 63, 64, 67, 68, 69, 72, 73, 74, 75, 76, 77, 78, 79, 81], "excluded_lines": []}, "configure_logging": {"executed_lines": [], "summary": {"covered_lines": 0, "num_statements": 43, "percent_covered": 0.0, "percent_covered_display": "0", "missing_lines": 43, "excluded_lines": 0}, "missing_lines": [94, 95, 96, 97, 98, 100, 101, 104, 105, 106, 107, 110, 111, 114, 115, 118, 121, 122, 123, 124, 125, 126, 129, 130, 133, 134, 135, 138, 139, 142, 143, 144, 149, 150, 152, 155, 156, 157, 158, 161, 162, 164, 165], "excluded_lines": []}, "get_logger": {"executed_lines": [177], "summary": {"covered_lines": 1, "num_statements": 1, "percent_covered": 100.0, "percent_covered_display": "100", "missing_lines": 0, "excluded_lines": 0}, "missing_lines": [], "excluded_lines": []}, "": {"executed_lines": [2, 9, 10, 11, 12, 13, 14, 15, 16, 18, 19, 21, 22, 25, 35, 36, 43, 83, 167], "summary": {"covered_lines": 16, "num_statements": 16, "percent_covered": 100.0, "percent_covered_display": "100", "missing_lines": 0, "excluded_lines": 0}, "missing_lines": [], "excluded_lines": []}}, "classes": {"ConfigFilter": {"executed_lines": [], "summary": {"covered_lines": 0, "num_statements": 5, "percent_covered": 0.0, "percent_covered_display": "0", "missing_lines": 5, "excluded_lines": 0}, "missing_lines": [26, 28, 29, 31, 32], "excluded_lines": []}, "JSONFormatter": {"executed_lines": [], "summary": {"covered_lines": 0, "num_statements": 17, "percent_covered": 0.0, "percent_covered_display": "0", "missing_lines": 17, "excluded_lines": 0}, "missing_lines": [46, 47, 50, 63, 64, 67, 68, 69, 72, 73, 74, 75, 76, 77, 78, 79, 81], "excluded_lines": []}, "": {"executed_lines": [2, 9, 10, 11, 12, 13, 14, 15, 16, 18, 19, 21, 22, 25, 35, 36, 43, 83, 167, 177], "summary": {"covered_lines": 17, "num_statements": 60, "percent_covered": 28.333333333333332, "percent_covered_display": "28", "missing_lines": 43, "excluded_lines": 0}, "missing_lines": [94, 95, 96, 97, 98, 100, 101, 104, 105, 106, 107, 110, 111, 114, 115, 118, 121, 122, 123, 124, 125, 126, 129, 130, 133, 134, 135, 138, 139, 142, 143, 144, 149, 150, 152, 155, 156, 157, 158, 161, 162, 164, 165], "excluded_lines": []}}}}, "totals": {"covered_lines": 2826, "num_statements": 13314, "percent_covered": 21.225777377196934, "percent_covered_display": "21", "missing_lines": 10488, "excluded_lines": 280}}